{"obj": {"type": "AssignString", "path": ["sys", "name"], "value": "Untitled"}, "version": 1}
{"obj": {"type": "AssignString", "path": ["sys", "description"], "value": ""}, "version": 2}
{"obj": {"type": "AssignString", "path": ["sys", "hostname"], "value": "Victor"}, "version": 3}
{"obj": {"type": "AssignBool", "path": ["sys", "failed"], "value": false}, "version": 4}
{"obj": {"type": "ClearStringLog", "path": ["monitoring", "stdout"]}, "version": 5}
{"obj": {"type": "ClearStringLog", "path": ["monitoring", "stderr"]}, "version": 6}
{"obj": {"type": "ConfigFloatSeries", "path": ["monitoring", "cpu"], "min": 0.0, "max": 100.0, "unit": "%"}, "version": 7}
{"obj": {"type": "ClearFloatLog", "path": ["monitoring", "cpu"]}, "version": 8}
{"obj": {"type": "ConfigFloatSeries", "path": ["monitoring", "memory"], "min": 0.0, "max": 15.850276947021484, "unit": "GB"}, "version": 9}
{"obj": {"type": "ClearFloatLog", "path": ["monitoring", "memory"]}, "version": 10}
{"obj": {"type": "ConfigFloatSeries", "path": ["monitoring", "gpu"], "min": 0.0, "max": 100.0, "unit": "%"}, "version": 11}
{"obj": {"type": "ClearFloatLog", "path": ["monitoring", "gpu"]}, "version": 12}
{"obj": {"type": "ConfigFloatSeries", "path": ["monitoring", "gpu_memory"], "min": 0.0, "max": 8.0, "unit": "GB"}, "version": 13}
{"obj": {"type": "ClearFloatLog", "path": ["monitoring", "gpu_memory"]}, "version": 14}
{"obj": {"type": "LogStrings", "path": ["monitoring", "stdout"], "values": [{"value": "", "step": null, "ts": 1653755680.092973}]}, "version": 15}
{"obj": {"type": "LogStrings", "path": ["monitoring", "stdout"], "values": [{"value": "Remember to stop your run once you\u2019ve finished logging your metadata (https://docs.neptune.ai/api-reference/run#.stop). It will be stopped automatically only when the notebook kernel/interactive console is terminated.\n", "step": null, "ts": 1653755680.0965228}]}, "version": 16}
{"obj": {"type": "LogFloats", "path": ["monitoring", "cpu"], "values": [{"value": 5.9, "step": null, "ts": 1653755680.0763788}]}, "version": 17}
{"obj": {"type": "LogFloats", "path": ["monitoring", "memory"], "values": [{"value": 11.137863159179688, "step": null, "ts": 1653755680.0763788}]}, "version": 18}
{"obj": {"type": "LogFloats", "path": ["monitoring", "gpu"], "values": [{"value": 14.0, "step": null, "ts": 1653755680.0763788}]}, "version": 19}
{"obj": {"type": "LogFloats", "path": ["monitoring", "gpu_memory"], "values": [{"value": 3.298992156982422, "step": null, "ts": 1653755680.0763788}]}, "version": 20}
{"obj": {"type": "LogStrings", "path": ["monitoring", "stderr"], "values": [{"value": "\r  0%|          | 0/1402 [00:00<?, ?it/s]", "step": null, "ts": 1653755683.8165822}]}, "version": 21}
{"obj": {"type": "LogFloats", "path": ["running", "loss"], "values": [{"value": 0.5485460162162781, "step": null, "ts": 1653755684.0447762}]}, "version": 22}
{"obj": {"type": "LogFloats", "path": ["running", "acc"], "values": [{"value": 0.75, "step": null, "ts": 1653755684.0579393}]}, "version": 23}
{"obj": {"type": "LogStrings", "path": ["monitoring", "stderr"], "values": [{"value": "\r  0%|          | 1/1402 [00:00<05:38,  4.14it/s]", "step": null, "ts": 1653755684.0589325}]}, "version": 24}
{"obj": {"type": "LogFloats", "path": ["running", "loss"], "values": [{"value": 1.0448780059814453, "step": null, "ts": 1653755684.30741}]}, "version": 25}
{"obj": {"type": "LogFloats", "path": ["running", "acc"], "values": [{"value": 0.625, "step": null, "ts": 1653755684.3094256}]}, "version": 26}
{"obj": {"type": "LogStrings", "path": ["monitoring", "stderr"], "values": [{"value": "\r  0%|          | 2/1402 [00:00<05:45,  4.05it/s]", "step": null, "ts": 1653755684.3104255}]}, "version": 27}
{"obj": {"type": "LogFloats", "path": ["running", "loss"], "values": [{"value": 1.4314393997192383, "step": null, "ts": 1653755684.521165}]}, "version": 28}
{"obj": {"type": "LogFloats", "path": ["running", "acc"], "values": [{"value": 0.125, "step": null, "ts": 1653755684.5231686}]}, "version": 29}
{"obj": {"type": "LogStrings", "path": ["monitoring", "stderr"], "values": [{"value": "\r  0%|          | 3/1402 [00:00<05:24,  4.31it/s]", "step": null, "ts": 1653755684.5241659}]}, "version": 30}
{"obj": {"type": "LogFloats", "path": ["running", "loss"], "values": [{"value": 1.321969747543335, "step": null, "ts": 1653755684.774723}]}, "version": 31}
{"obj": {"type": "LogFloats", "path": ["running", "acc"], "values": [{"value": 0.375, "step": null, "ts": 1653755684.7773619}]}, "version": 32}
{"obj": {"type": "LogStrings", "path": ["monitoring", "stderr"], "values": [{"value": "\r  0%|          | 4/1402 [00:00<05:37,  4.15it/s]", "step": null, "ts": 1653755684.7803917}]}, "version": 33}
{"obj": {"type": "LogFloats", "path": ["running", "loss"], "values": [{"value": 1.401489019393921, "step": null, "ts": 1653755684.9902434}]}, "version": 34}
{"obj": {"type": "LogFloats", "path": ["running", "acc"], "values": [{"value": 0.25, "step": null, "ts": 1653755684.9922452}]}, "version": 35}
{"obj": {"type": "LogStrings", "path": ["monitoring", "stderr"], "values": [{"value": "\r  0%|          | 5/1402 [00:01<05:23,  4.32it/s]", "step": null, "ts": 1653755684.9952533}]}, "version": 36}
{"obj": {"type": "LogFloats", "path": ["running", "loss"], "values": [{"value": 0.6928889751434326, "step": null, "ts": 1653755685.2568197}]}, "version": 37}
{"obj": {"type": "LogFloats", "path": ["running", "acc"], "values": [{"value": 0.5, "step": null, "ts": 1653755685.259851}]}, "version": 38}
{"obj": {"type": "LogStrings", "path": ["monitoring", "stderr"], "values": [{"value": "\r  0%|          | 6/1402 [00:01<05:40,  4.10it/s]", "step": null, "ts": 1653755685.2608466}]}, "version": 39}
{"obj": {"type": "LogFloats", "path": ["running", "loss"], "values": [{"value": 0.4415384531021118, "step": null, "ts": 1653755685.4981854}]}, "version": 40}
{"obj": {"type": "LogFloats", "path": ["running", "acc"], "values": [{"value": 0.75, "step": null, "ts": 1653755685.501199}]}, "version": 41}
{"obj": {"type": "LogStrings", "path": ["monitoring", "stderr"], "values": [{"value": "\r  0%|          | 7/1402 [00:01<05:38,  4.12it/s]", "step": null, "ts": 1653755685.5021987}]}, "version": 42}
{"obj": {"type": "LogFloats", "path": ["running", "loss"], "values": [{"value": 1.2340774536132812, "step": null, "ts": 1653755685.81955}]}, "version": 43}
{"obj": {"type": "LogFloats", "path": ["running", "acc"], "values": [{"value": 0.625, "step": null, "ts": 1653755685.8215468}]}, "version": 44}
{"obj": {"type": "LogStrings", "path": ["monitoring", "stderr"], "values": [{"value": "\r  1%|          | 8/1402 [00:02<06:13,  3.74it/s]", "step": null, "ts": 1653755685.8235624}]}, "version": 45}
{"obj": {"type": "LogFloats", "path": ["running", "loss"], "values": [{"value": 0.7229740023612976, "step": null, "ts": 1653755686.0246005}]}, "version": 46}
{"obj": {"type": "LogFloats", "path": ["running", "acc"], "values": [{"value": 0.75, "step": null, "ts": 1653755686.0291493}]}, "version": 47}
{"obj": {"type": "LogStrings", "path": ["monitoring", "stderr"], "values": [{"value": "\r  1%|          | 9/1402 [00:02<05:47,  4.01it/s]", "step": null, "ts": 1653755686.0311534}]}, "version": 48}
{"obj": {"type": "LogFloats", "path": ["running", "loss"], "values": [{"value": 0.5461028814315796, "step": null, "ts": 1653755686.2273417}]}, "version": 49}
{"obj": {"type": "LogFloats", "path": ["running", "acc"], "values": [{"value": 0.625, "step": null, "ts": 1653755686.2298026}]}, "version": 50}
{"obj": {"type": "LogStrings", "path": ["monitoring", "stderr"], "values": [{"value": "\r  1%|          | 10/1402 [00:02<05:26,  4.27it/s]", "step": null, "ts": 1653755686.2328022}]}, "version": 51}
{"obj": {"type": "LogFloats", "path": ["running", "loss"], "values": [{"value": 1.0590620040893555, "step": null, "ts": 1653755686.4488535}]}, "version": 52}
{"obj": {"type": "LogFloats", "path": ["running", "acc"], "values": [{"value": 0.5, "step": null, "ts": 1653755686.450868}]}, "version": 53}
{"obj": {"type": "LogStrings", "path": ["monitoring", "stderr"], "values": [{"value": "\r  1%|          | 11/1402 [00:02<05:19,  4.35it/s]", "step": null, "ts": 1653755686.4528675}]}, "version": 54}
{"obj": {"type": "LogFloats", "path": ["running", "loss"], "values": [{"value": 0.9336889982223511, "step": null, "ts": 1653755686.689781}]}, "version": 55}
{"obj": {"type": "LogFloats", "path": ["running", "acc"], "values": [{"value": 0.25, "step": null, "ts": 1653755686.6917756}]}, "version": 56}
{"obj": {"type": "LogStrings", "path": ["monitoring", "stderr"], "values": [{"value": "\r  1%|          | 12/1402 [00:02<05:23,  4.29it/s]", "step": null, "ts": 1653755686.6927757}]}, "version": 57}
{"obj": {"type": "LogFloats", "path": ["running", "loss"], "values": [{"value": 0.7862082719802856, "step": null, "ts": 1653755686.8865688}]}, "version": 58}
{"obj": {"type": "LogFloats", "path": ["running", "acc"], "values": [{"value": 0.5, "step": null, "ts": 1653755686.8896081}]}, "version": 59}
{"obj": {"type": "LogStrings", "path": ["monitoring", "stderr"], "values": [{"value": "\r  1%|          | 13/1402 [00:03<05:09,  4.49it/s]", "step": null, "ts": 1653755686.8906116}]}, "version": 60}
{"obj": {"type": "LogFloats", "path": ["running", "loss"], "values": [{"value": 0.46728456020355225, "step": null, "ts": 1653755687.1418676}]}, "version": 61}
{"obj": {"type": "LogFloats", "path": ["running", "acc"], "values": [{"value": 0.75, "step": null, "ts": 1653755687.1438515}]}, "version": 62}
{"obj": {"type": "LogStrings", "path": ["monitoring", "stderr"], "values": [{"value": "\r  1%|          | 14/1402 [00:03<05:22,  4.31it/s]", "step": null, "ts": 1653755687.1448514}]}, "version": 63}
{"obj": {"type": "LogFloats", "path": ["running", "loss"], "values": [{"value": 0.882917046546936, "step": null, "ts": 1653755687.4799366}]}, "version": 64}
{"obj": {"type": "LogFloats", "path": ["running", "acc"], "values": [{"value": 0.375, "step": null, "ts": 1653755687.481937}]}, "version": 65}
{"obj": {"type": "LogStrings", "path": ["monitoring", "stderr"], "values": [{"value": "\r  1%|          | 15/1402 [00:03<06:06,  3.79it/s]", "step": null, "ts": 1653755687.4829404}]}, "version": 66}
{"obj": {"type": "LogFloats", "path": ["running", "loss"], "values": [{"value": 0.6526538133621216, "step": null, "ts": 1653755687.712078}]}, "version": 67}
{"obj": {"type": "LogFloats", "path": ["running", "acc"], "values": [{"value": 0.5, "step": null, "ts": 1653755687.715693}]}, "version": 68}
{"obj": {"type": "LogStrings", "path": ["monitoring", "stderr"], "values": [{"value": "\r  1%|          | 16/1402 [00:03<05:52,  3.93it/s]", "step": null, "ts": 1653755687.7167094}]}, "version": 69}
{"obj": {"type": "LogFloats", "path": ["running", "loss"], "values": [{"value": 1.1745152473449707, "step": null, "ts": 1653755687.952185}]}, "version": 70}
{"obj": {"type": "LogFloats", "path": ["running", "acc"], "values": [{"value": 0.25, "step": null, "ts": 1653755687.954203}]}, "version": 71}
{"obj": {"type": "LogStrings", "path": ["monitoring", "stderr"], "values": [{"value": "\r  1%|          | 17/1402 [00:04<05:46,  4.00it/s]", "step": null, "ts": 1653755687.955175}]}, "version": 72}
{"obj": {"type": "LogFloats", "path": ["running", "loss"], "values": [{"value": 1.4371528625488281, "step": null, "ts": 1653755688.1954057}]}, "version": 73}
{"obj": {"type": "LogFloats", "path": ["running", "acc"], "values": [{"value": 0.125, "step": null, "ts": 1653755688.1979525}]}, "version": 74}
{"obj": {"type": "LogStrings", "path": ["monitoring", "stderr"], "values": [{"value": "\r  1%|\u258f         | 18/1402 [00:04<05:43,  4.03it/s]", "step": null, "ts": 1653755688.1989677}]}, "version": 75}
{"obj": {"type": "LogFloats", "path": ["running", "loss"], "values": [{"value": 1.0830237865447998, "step": null, "ts": 1653755688.4554136}]}, "version": 76}
{"obj": {"type": "LogFloats", "path": ["running", "acc"], "values": [{"value": 0.25, "step": null, "ts": 1653755688.4589474}]}, "version": 77}
{"obj": {"type": "LogStrings", "path": ["monitoring", "stderr"], "values": [{"value": "\r  1%|\u258f         | 19/1402 [00:04<05:48,  3.97it/s]", "step": null, "ts": 1653755688.4599679}]}, "version": 78}
{"obj": {"type": "LogFloats", "path": ["running", "loss"], "values": [{"value": 0.5804495811462402, "step": null, "ts": 1653755688.8330414}]}, "version": 79}
{"obj": {"type": "LogFloats", "path": ["running", "acc"], "values": [{"value": 0.75, "step": null, "ts": 1653755688.8367739}]}, "version": 80}
{"obj": {"type": "LogStrings", "path": ["monitoring", "stderr"], "values": [{"value": "\r  1%|\u258f         | 20/1402 [00:05<06:40,  3.45it/s]", "step": null, "ts": 1653755688.8387914}]}, "version": 81}
{"obj": {"type": "LogFloats", "path": ["running", "loss"], "values": [{"value": 0.7045360803604126, "step": null, "ts": 1653755689.126547}]}, "version": 82}
{"obj": {"type": "LogFloats", "path": ["running", "acc"], "values": [{"value": 0.5, "step": null, "ts": 1653755689.1295998}]}, "version": 83}
{"obj": {"type": "LogStrings", "path": ["monitoring", "stderr"], "values": [{"value": "\r  1%|\u258f         | 21/1402 [00:05<06:41,  3.44it/s]", "step": null, "ts": 1653755689.1305943}]}, "version": 84}
{"obj": {"type": "LogFloats", "path": ["running", "loss"], "values": [{"value": 0.6556668281555176, "step": null, "ts": 1653755689.4033701}]}, "version": 85}
{"obj": {"type": "LogFloats", "path": ["running", "acc"], "values": [{"value": 0.5, "step": null, "ts": 1653755689.4053752}]}, "version": 86}
{"obj": {"type": "LogStrings", "path": ["monitoring", "stderr"], "values": [{"value": "\r  2%|\u258f         | 22/1402 [00:05<06:35,  3.49it/s]", "step": null, "ts": 1653755689.406885}]}, "version": 87}
{"obj": {"type": "LogFloats", "path": ["running", "loss"], "values": [{"value": 0.7258288860321045, "step": null, "ts": 1653755689.8071015}]}, "version": 88}
{"obj": {"type": "LogFloats", "path": ["running", "acc"], "values": [{"value": 0.5, "step": null, "ts": 1653755689.810137}]}, "version": 89}
{"obj": {"type": "LogStrings", "path": ["monitoring", "stderr"], "values": [{"value": "\r  2%|\u258f         | 23/1402 [00:05<07:23,  3.11it/s]", "step": null, "ts": 1653755689.8111389}]}, "version": 90}
{"obj": {"type": "LogFloats", "path": ["running", "loss"], "values": [{"value": 0.6129010915756226, "step": null, "ts": 1653755690.1084242}]}, "version": 91}
{"obj": {"type": "LogFloats", "path": ["running", "acc"], "values": [{"value": 0.5, "step": null, "ts": 1653755690.1104257}]}, "version": 92}
{"obj": {"type": "LogStrings", "path": ["monitoring", "stderr"], "values": [{"value": "\r  2%|\u258f         | 24/1402 [00:06<07:14,  3.17it/s]", "step": null, "ts": 1653755690.1124415}]}, "version": 93}
{"obj": {"type": "LogFloats", "path": ["monitoring", "cpu"], "values": [{"value": 65.6, "step": null, "ts": 1653755690.1603591}]}, "version": 94}
{"obj": {"type": "LogFloats", "path": ["monitoring", "memory"], "values": [{"value": 11.402332305908203, "step": null, "ts": 1653755690.1603591}]}, "version": 95}
{"obj": {"type": "LogFloats", "path": ["monitoring", "gpu"], "values": [{"value": 37.0, "step": null, "ts": 1653755690.1603591}]}, "version": 96}
{"obj": {"type": "LogFloats", "path": ["monitoring", "gpu_memory"], "values": [{"value": 3.4294815063476562, "step": null, "ts": 1653755690.1603591}]}, "version": 97}
{"obj": {"type": "LogFloats", "path": ["running", "loss"], "values": [{"value": 0.6959055066108704, "step": null, "ts": 1653755690.4095716}]}, "version": 98}
{"obj": {"type": "LogFloats", "path": ["running", "acc"], "values": [{"value": 0.625, "step": null, "ts": 1653755690.4145749}]}, "version": 99}
{"obj": {"type": "LogStrings", "path": ["monitoring", "stderr"], "values": [{"value": "\r  2%|\u258f         | 25/1402 [00:06<07:10,  3.20it/s]", "step": null, "ts": 1653755690.4181638}]}, "version": 100}
{"obj": {"type": "LogFloats", "path": ["running", "loss"], "values": [{"value": 0.6511794328689575, "step": null, "ts": 1653755690.978095}]}, "version": 101}
{"obj": {"type": "LogFloats", "path": ["running", "acc"], "values": [{"value": 0.5, "step": null, "ts": 1653755690.9831069}]}, "version": 102}
{"obj": {"type": "LogStrings", "path": ["monitoring", "stderr"], "values": [{"value": "\r  2%|\u258f         | 26/1402 [00:07<08:56,  2.57it/s]", "step": null, "ts": 1653755690.987845}]}, "version": 103}
{"obj": {"type": "LogFloats", "path": ["running", "loss"], "values": [{"value": 0.7011610269546509, "step": null, "ts": 1653755691.3973029}]}, "version": 104}
{"obj": {"type": "LogFloats", "path": ["running", "acc"], "values": [{"value": 0.625, "step": null, "ts": 1653755691.3993206}]}, "version": 105}
{"obj": {"type": "LogStrings", "path": ["monitoring", "stderr"], "values": [{"value": "\r  2%|\u258f         | 27/1402 [00:07<09:05,  2.52it/s]", "step": null, "ts": 1653755691.400321}]}, "version": 106}
{"obj": {"type": "LogFloats", "path": ["running", "loss"], "values": [{"value": 0.7141046524047852, "step": null, "ts": 1653755691.678016}]}, "version": 107}
{"obj": {"type": "LogFloats", "path": ["running", "acc"], "values": [{"value": 0.5, "step": null, "ts": 1653755691.6830359}]}, "version": 108}
{"obj": {"type": "LogStrings", "path": ["monitoring", "stderr"], "values": [{"value": "\r  2%|\u258f         | 28/1402 [00:07<08:18,  2.76it/s]", "step": null, "ts": 1653755691.6840327}]}, "version": 109}
{"obj": {"type": "LogFloats", "path": ["running", "loss"], "values": [{"value": 0.6778185963630676, "step": null, "ts": 1653755691.9448478}]}, "version": 110}
{"obj": {"type": "LogFloats", "path": ["running", "acc"], "values": [{"value": 0.5, "step": null, "ts": 1653755691.9474216}]}, "version": 111}
{"obj": {"type": "LogStrings", "path": ["monitoring", "stderr"], "values": [{"value": "\r  2%|\u258f         | 29/1402 [00:08<07:37,  3.00it/s]", "step": null, "ts": 1653755691.9494429}]}, "version": 112}
{"obj": {"type": "LogFloats", "path": ["running", "loss"], "values": [{"value": 0.671262800693512, "step": null, "ts": 1653755692.17905}]}, "version": 113}
{"obj": {"type": "LogFloats", "path": ["running", "acc"], "values": [{"value": 0.5, "step": null, "ts": 1653755692.1810434}]}, "version": 114}
{"obj": {"type": "LogStrings", "path": ["monitoring", "stderr"], "values": [{"value": "\r  2%|\u258f         | 30/1402 [00:08<06:56,  3.29it/s]", "step": null, "ts": 1653755692.1830459}]}, "version": 115}
{"obj": {"type": "LogFloats", "path": ["running", "loss"], "values": [{"value": 0.6241087913513184, "step": null, "ts": 1653755692.4003928}]}, "version": 116}
{"obj": {"type": "LogFloats", "path": ["running", "acc"], "values": [{"value": 0.625, "step": null, "ts": 1653755692.4024045}]}, "version": 117}
{"obj": {"type": "LogStrings", "path": ["monitoring", "stderr"], "values": [{"value": "\r  2%|\u258f         | 31/1402 [00:08<06:22,  3.59it/s]", "step": null, "ts": 1653755692.4043906}]}, "version": 118}
{"obj": {"type": "LogFloats", "path": ["running", "loss"], "values": [{"value": 0.6987203359603882, "step": null, "ts": 1653755692.6383789}]}, "version": 119}
{"obj": {"type": "LogFloats", "path": ["running", "acc"], "values": [{"value": 0.625, "step": null, "ts": 1653755692.6403933}]}, "version": 120}
{"obj": {"type": "LogStrings", "path": ["monitoring", "stderr"], "values": [{"value": "\r  2%|\u258f         | 32/1402 [00:08<06:05,  3.75it/s]", "step": null, "ts": 1653755692.6413934}]}, "version": 121}
{"obj": {"type": "LogFloats", "path": ["running", "loss"], "values": [{"value": 0.658915102481842, "step": null, "ts": 1653755692.8647265}]}, "version": 122}
{"obj": {"type": "LogFloats", "path": ["running", "acc"], "values": [{"value": 0.5, "step": null, "ts": 1653755692.8703961}]}, "version": 123}
{"obj": {"type": "LogStrings", "path": ["monitoring", "stderr"], "values": [{"value": "\r  2%|\u258f         | 33/1402 [00:09<05:49,  3.91it/s]", "step": null, "ts": 1653755692.8714018}]}, "version": 124}
{"obj": {"type": "LogFloats", "path": ["running", "loss"], "values": [{"value": 0.654951274394989, "step": null, "ts": 1653755693.0697436}]}, "version": 125}
{"obj": {"type": "LogFloats", "path": ["running", "acc"], "values": [{"value": 0.625, "step": null, "ts": 1653755693.071744}]}, "version": 126}
{"obj": {"type": "LogStrings", "path": ["monitoring", "stderr"], "values": [{"value": "\r  2%|\u258f         | 34/1402 [00:09<05:27,  4.18it/s]", "step": null, "ts": 1653755693.072742}]}, "version": 127}
{"obj": {"type": "LogFloats", "path": ["running", "loss"], "values": [{"value": 0.6111670732498169, "step": null, "ts": 1653755693.2708864}]}, "version": 128}
{"obj": {"type": "LogFloats", "path": ["running", "acc"], "values": [{"value": 0.875, "step": null, "ts": 1653755693.273887}]}, "version": 129}
{"obj": {"type": "LogStrings", "path": ["monitoring", "stderr"], "values": [{"value": "\r  2%|\u258f         | 35/1402 [00:09<05:11,  4.39it/s]", "step": null, "ts": 1653755693.274887}]}, "version": 130}
{"obj": {"type": "LogFloats", "path": ["running", "loss"], "values": [{"value": 0.6748912334442139, "step": null, "ts": 1653755693.464475}]}, "version": 131}
{"obj": {"type": "LogFloats", "path": ["running", "acc"], "values": [{"value": 0.5, "step": null, "ts": 1653755693.4664814}]}, "version": 132}
{"obj": {"type": "LogStrings", "path": ["monitoring", "stderr"], "values": [{"value": "\r  3%|\u258e         | 36/1402 [00:09<04:57,  4.60it/s]", "step": null, "ts": 1653755693.4669952}]}, "version": 133}
{"obj": {"type": "LogFloats", "path": ["running", "loss"], "values": [{"value": 0.5760968923568726, "step": null, "ts": 1653755693.6433866}]}, "version": 134}
{"obj": {"type": "LogFloats", "path": ["running", "acc"], "values": [{"value": 0.75, "step": null, "ts": 1653755693.6453846}]}, "version": 135}
{"obj": {"type": "LogStrings", "path": ["monitoring", "stderr"], "values": [{"value": "\r  3%|\u258e         | 37/1402 [00:09<04:41,  4.85it/s]", "step": null, "ts": 1653755693.6468968}]}, "version": 136}
{"obj": {"type": "LogFloats", "path": ["running", "loss"], "values": [{"value": 0.7742111086845398, "step": null, "ts": 1653755693.8230646}]}, "version": 137}
{"obj": {"type": "LogFloats", "path": ["running", "acc"], "values": [{"value": 0.5, "step": null, "ts": 1653755693.825069}]}, "version": 138}
{"obj": {"type": "LogStrings", "path": ["monitoring", "stderr"], "values": [{"value": "\r  3%|\u258e         | 38/1402 [00:10<04:30,  5.04it/s]", "step": null, "ts": 1653755693.827891}]}, "version": 139}
{"obj": {"type": "LogFloats", "path": ["running", "loss"], "values": [{"value": 0.5495842695236206, "step": null, "ts": 1653755694.091647}]}, "version": 140}
{"obj": {"type": "LogFloats", "path": ["running", "acc"], "values": [{"value": 0.75, "step": null, "ts": 1653755694.093646}]}, "version": 141}
{"obj": {"type": "LogStrings", "path": ["monitoring", "stderr"], "values": [{"value": "\r  3%|\u258e         | 39/1402 [00:10<04:58,  4.56it/s]", "step": null, "ts": 1653755694.0946462}]}, "version": 142}
{"obj": {"type": "LogFloats", "path": ["running", "loss"], "values": [{"value": 0.634190559387207, "step": null, "ts": 1653755694.346314}]}, "version": 143}
{"obj": {"type": "LogFloats", "path": ["running", "acc"], "values": [{"value": 0.75, "step": null, "ts": 1653755694.347841}]}, "version": 144}
{"obj": {"type": "LogStrings", "path": ["monitoring", "stderr"], "values": [{"value": "\r  3%|\u258e         | 40/1402 [00:10<05:12,  4.35it/s]", "step": null, "ts": 1653755694.3488386}]}, "version": 145}
{"obj": {"type": "LogFloats", "path": ["running", "loss"], "values": [{"value": 0.5871004462242126, "step": null, "ts": 1653755694.5512033}]}, "version": 146}
{"obj": {"type": "LogFloats", "path": ["running", "acc"], "values": [{"value": 0.75, "step": null, "ts": 1653755694.5541985}]}, "version": 147}
{"obj": {"type": "LogStrings", "path": ["monitoring", "stderr"], "values": [{"value": "\r  3%|\u258e         | 41/1402 [00:10<05:02,  4.50it/s]", "step": null, "ts": 1653755694.5552063}]}, "version": 148}
{"obj": {"type": "LogFloats", "path": ["running", "loss"], "values": [{"value": 0.7128481864929199, "step": null, "ts": 1653755694.7444417}]}, "version": 149}
{"obj": {"type": "LogFloats", "path": ["running", "acc"], "values": [{"value": 0.75, "step": null, "ts": 1653755694.7479863}]}, "version": 150}
{"obj": {"type": "LogStrings", "path": ["monitoring", "stderr"], "values": [{"value": "\r  3%|\u258e         | 42/1402 [00:10<04:50,  4.68it/s]", "step": null, "ts": 1653755694.7489989}]}, "version": 151}
{"obj": {"type": "LogFloats", "path": ["running", "loss"], "values": [{"value": 0.7839900255203247, "step": null, "ts": 1653755694.9375799}]}, "version": 152}
{"obj": {"type": "LogFloats", "path": ["running", "acc"], "values": [{"value": 0.5, "step": null, "ts": 1653755694.940843}]}, "version": 153}
{"obj": {"type": "LogStrings", "path": ["monitoring", "stderr"], "values": [{"value": "\r  3%|\u258e         | 43/1402 [00:11<04:42,  4.81it/s]", "step": null, "ts": 1653755694.9418433}]}, "version": 154}
{"obj": {"type": "LogFloats", "path": ["running", "loss"], "values": [{"value": 0.6743134260177612, "step": null, "ts": 1653755695.1375988}]}, "version": 155}
{"obj": {"type": "LogFloats", "path": ["running", "acc"], "values": [{"value": 0.5, "step": null, "ts": 1653755695.140619}]}, "version": 156}
{"obj": {"type": "LogStrings", "path": ["monitoring", "stderr"], "values": [{"value": "\r  3%|\u258e         | 44/1402 [00:11<04:38,  4.87it/s]", "step": null, "ts": 1653755695.1426206}]}, "version": 157}
{"obj": {"type": "LogFloats", "path": ["running", "loss"], "values": [{"value": 0.6698422431945801, "step": null, "ts": 1653755695.3340917}]}, "version": 158}
{"obj": {"type": "LogFloats", "path": ["running", "acc"], "values": [{"value": 0.5, "step": null, "ts": 1653755695.3366332}]}, "version": 159}
{"obj": {"type": "LogStrings", "path": ["monitoring", "stderr"], "values": [{"value": "\r  3%|\u258e         | 45/1402 [00:11<04:34,  4.94it/s]", "step": null, "ts": 1653755695.338649}]}, "version": 160}
{"obj": {"type": "LogFloats", "path": ["running", "loss"], "values": [{"value": 0.4639221429824829, "step": null, "ts": 1653755695.527199}]}, "version": 161}
{"obj": {"type": "LogFloats", "path": ["running", "acc"], "values": [{"value": 0.875, "step": null, "ts": 1653755695.5302346}]}, "version": 162}
{"obj": {"type": "LogStrings", "path": ["monitoring", "stderr"], "values": [{"value": "\r  3%|\u258e         | 46/1402 [00:11<04:30,  5.01it/s]", "step": null, "ts": 1653755695.5312352}]}, "version": 163}
{"obj": {"type": "LogFloats", "path": ["running", "loss"], "values": [{"value": 0.5138223171234131, "step": null, "ts": 1653755695.7375517}]}, "version": 164}
{"obj": {"type": "LogFloats", "path": ["running", "acc"], "values": [{"value": 0.75, "step": null, "ts": 1653755695.7405703}]}, "version": 165}
{"obj": {"type": "LogStrings", "path": ["monitoring", "stderr"], "values": [{"value": "\r  3%|\u258e         | 47/1402 [00:11<04:34,  4.93it/s]", "step": null, "ts": 1653755695.741569}]}, "version": 166}
{"obj": {"type": "LogFloats", "path": ["running", "loss"], "values": [{"value": 0.7048945426940918, "step": null, "ts": 1653755695.9291697}]}, "version": 167}
{"obj": {"type": "LogFloats", "path": ["running", "acc"], "values": [{"value": 0.5, "step": null, "ts": 1653755695.9311721}]}, "version": 168}
{"obj": {"type": "LogStrings", "path": ["monitoring", "stderr"], "values": [{"value": "\r  3%|\u258e         | 48/1402 [00:12<04:29,  5.02it/s]", "step": null, "ts": 1653755695.9321787}]}, "version": 169}
{"obj": {"type": "LogFloats", "path": ["running", "loss"], "values": [{"value": 0.5994374752044678, "step": null, "ts": 1653755696.1166477}]}, "version": 170}
{"obj": {"type": "LogFloats", "path": ["running", "acc"], "values": [{"value": 0.75, "step": null, "ts": 1653755696.11871}]}, "version": 171}
{"obj": {"type": "LogStrings", "path": ["monitoring", "stderr"], "values": [{"value": "\r  3%|\u258e         | 49/1402 [00:12<04:24,  5.11it/s]", "step": null, "ts": 1653755696.11871}]}, "version": 172}
{"obj": {"type": "LogFloats", "path": ["running", "loss"], "values": [{"value": 0.47981351613998413, "step": null, "ts": 1653755696.2848728}]}, "version": 173}
{"obj": {"type": "LogFloats", "path": ["running", "acc"], "values": [{"value": 0.75, "step": null, "ts": 1653755696.2884612}]}, "version": 174}
{"obj": {"type": "LogStrings", "path": ["monitoring", "stderr"], "values": [{"value": "\r  4%|\u258e         | 50/1402 [00:12<04:14,  5.32it/s]", "step": null, "ts": 1653755696.2894797}]}, "version": 175}
{"obj": {"type": "LogFloats", "path": ["running", "loss"], "values": [{"value": 0.5536954402923584, "step": null, "ts": 1653755696.4454596}]}, "version": 176}
{"obj": {"type": "LogFloats", "path": ["running", "acc"], "values": [{"value": 0.5, "step": null, "ts": 1653755696.4479828}]}, "version": 177}
{"obj": {"type": "LogStrings", "path": ["monitoring", "stderr"], "values": [{"value": "\r  4%|\u258e         | 51/1402 [00:12<04:02,  5.57it/s]", "step": null, "ts": 1653755696.4479828}]}, "version": 178}
{"obj": {"type": "LogFloats", "path": ["running", "loss"], "values": [{"value": 0.789206326007843, "step": null, "ts": 1653755696.6104517}]}, "version": 179}
{"obj": {"type": "LogFloats", "path": ["running", "acc"], "values": [{"value": 0.5, "step": null, "ts": 1653755696.6124556}]}, "version": 180}
{"obj": {"type": "LogStrings", "path": ["monitoring", "stderr"], "values": [{"value": "\r  4%|\u258e         | 52/1402 [00:12<03:56,  5.72it/s]", "step": null, "ts": 1653755696.613454}]}, "version": 181}
{"obj": {"type": "LogFloats", "path": ["running", "loss"], "values": [{"value": 0.3716914653778076, "step": null, "ts": 1653755696.783739}]}, "version": 182}
{"obj": {"type": "LogFloats", "path": ["running", "acc"], "values": [{"value": 0.875, "step": null, "ts": 1653755696.7847393}]}, "version": 183}
{"obj": {"type": "LogStrings", "path": ["monitoring", "stderr"], "values": [{"value": "\r  4%|\u258d         | 53/1402 [00:12<03:54,  5.74it/s]", "step": null, "ts": 1653755696.786256}]}, "version": 184}
{"obj": {"type": "LogFloats", "path": ["running", "loss"], "values": [{"value": 0.6366465091705322, "step": null, "ts": 1653755696.943059}]}, "version": 185}
{"obj": {"type": "LogFloats", "path": ["running", "acc"], "values": [{"value": 0.5, "step": null, "ts": 1653755696.9450526}]}, "version": 186}
{"obj": {"type": "LogStrings", "path": ["monitoring", "stderr"], "values": [{"value": "\r  4%|\u258d         | 54/1402 [00:13<03:49,  5.88it/s]", "step": null, "ts": 1653755696.9450526}]}, "version": 187}
{"obj": {"type": "LogFloats", "path": ["running", "loss"], "values": [{"value": 0.6158432960510254, "step": null, "ts": 1653755697.10342}]}, "version": 188}
{"obj": {"type": "LogFloats", "path": ["running", "acc"], "values": [{"value": 0.5, "step": null, "ts": 1653755697.105426}]}, "version": 189}
{"obj": {"type": "LogStrings", "path": ["monitoring", "stderr"], "values": [{"value": "\r  4%|\u258d         | 55/1402 [00:13<03:45,  5.97it/s]", "step": null, "ts": 1653755697.1064215}]}, "version": 190}
{"obj": {"type": "LogFloats", "path": ["running", "loss"], "values": [{"value": 0.5500174164772034, "step": null, "ts": 1653755697.279499}]}, "version": 191}
{"obj": {"type": "LogFloats", "path": ["running", "acc"], "values": [{"value": 0.625, "step": null, "ts": 1653755697.2815003}]}, "version": 192}
{"obj": {"type": "LogStrings", "path": ["monitoring", "stderr"], "values": [{"value": "\r  4%|\u258d         | 56/1402 [00:13<03:48,  5.88it/s]", "step": null, "ts": 1653755697.2825005}]}, "version": 193}
{"obj": {"type": "LogFloats", "path": ["running", "loss"], "values": [{"value": 0.4220706820487976, "step": null, "ts": 1653755697.4588811}]}, "version": 194}
{"obj": {"type": "LogFloats", "path": ["running", "acc"], "values": [{"value": 0.875, "step": null, "ts": 1653755697.4618921}]}, "version": 195}
{"obj": {"type": "LogStrings", "path": ["monitoring", "stderr"], "values": [{"value": "\r  4%|\u258d         | 57/1402 [00:13<03:52,  5.79it/s]", "step": null, "ts": 1653755697.4628928}]}, "version": 196}
{"obj": {"type": "LogFloats", "path": ["running", "loss"], "values": [{"value": 0.5770835876464844, "step": null, "ts": 1653755697.6276808}]}, "version": 197}
{"obj": {"type": "LogFloats", "path": ["running", "acc"], "values": [{"value": 0.625, "step": null, "ts": 1653755697.6296937}]}, "version": 198}
{"obj": {"type": "LogStrings", "path": ["monitoring", "stderr"], "values": [{"value": "\r  4%|\u258d         | 58/1402 [00:13<03:50,  5.84it/s]", "step": null, "ts": 1653755697.6306975}]}, "version": 199}
{"obj": {"type": "LogFloats", "path": ["running", "loss"], "values": [{"value": 0.7642601132392883, "step": null, "ts": 1653755697.806442}]}, "version": 200}
{"obj": {"type": "LogFloats", "path": ["running", "acc"], "values": [{"value": 0.625, "step": null, "ts": 1653755697.8085046}]}, "version": 201}
{"obj": {"type": "LogStrings", "path": ["monitoring", "stderr"], "values": [{"value": "\r  4%|\u258d         | 59/1402 [00:13<03:53,  5.76it/s]", "step": null, "ts": 1653755697.8095195}]}, "version": 202}
{"obj": {"type": "LogFloats", "path": ["running", "loss"], "values": [{"value": 0.5989091992378235, "step": null, "ts": 1653755697.9699564}]}, "version": 203}
{"obj": {"type": "LogFloats", "path": ["running", "acc"], "values": [{"value": 0.875, "step": null, "ts": 1653755697.971964}]}, "version": 204}
{"obj": {"type": "LogStrings", "path": ["monitoring", "stderr"], "values": [{"value": "\r  4%|\u258d         | 60/1402 [00:14<03:48,  5.86it/s]", "step": null, "ts": 1653755697.9729555}]}, "version": 205}
{"obj": {"type": "LogFloats", "path": ["running", "loss"], "values": [{"value": 0.5401866436004639, "step": null, "ts": 1653755698.1294668}]}, "version": 206}
{"obj": {"type": "LogFloats", "path": ["running", "acc"], "values": [{"value": 0.625, "step": null, "ts": 1653755698.13147}]}, "version": 207}
{"obj": {"type": "LogStrings", "path": ["monitoring", "stderr"], "values": [{"value": "\r  4%|\u258d         | 61/1402 [00:14<03:44,  5.98it/s]", "step": null, "ts": 1653755698.132469}]}, "version": 208}
{"obj": {"type": "LogFloats", "path": ["running", "loss"], "values": [{"value": 0.5679217576980591, "step": null, "ts": 1653755698.2998912}]}, "version": 209}
{"obj": {"type": "LogFloats", "path": ["running", "acc"], "values": [{"value": 0.625, "step": null, "ts": 1653755698.301899}]}, "version": 210}
{"obj": {"type": "LogStrings", "path": ["monitoring", "stderr"], "values": [{"value": "\r  4%|\u258d         | 62/1402 [00:14<03:45,  5.95it/s]", "step": null, "ts": 1653755698.3028991}]}, "version": 211}
{"obj": {"type": "LogFloats", "path": ["running", "loss"], "values": [{"value": 0.6017820239067078, "step": null, "ts": 1653755698.4734213}]}, "version": 212}
{"obj": {"type": "LogFloats", "path": ["running", "acc"], "values": [{"value": 0.625, "step": null, "ts": 1653755698.475425}]}, "version": 213}
{"obj": {"type": "LogStrings", "path": ["monitoring", "stderr"], "values": [{"value": "\r  4%|\u258d         | 63/1402 [00:14<03:47,  5.89it/s]", "step": null, "ts": 1653755698.4764278}]}, "version": 214}
{"obj": {"type": "LogFloats", "path": ["running", "loss"], "values": [{"value": 0.5482610464096069, "step": null, "ts": 1653755698.6430182}]}, "version": 215}
{"obj": {"type": "LogFloats", "path": ["running", "acc"], "values": [{"value": 0.875, "step": null, "ts": 1653755698.644015}]}, "version": 216}
{"obj": {"type": "LogStrings", "path": ["monitoring", "stderr"], "values": [{"value": "\r  5%|\u258d         | 64/1402 [00:14<03:46,  5.90it/s]", "step": null, "ts": 1653755698.6450105}]}, "version": 217}
{"obj": {"type": "LogFloats", "path": ["running", "loss"], "values": [{"value": 0.5744341611862183, "step": null, "ts": 1653755698.8301563}]}, "version": 218}
{"obj": {"type": "LogFloats", "path": ["running", "acc"], "values": [{"value": 0.875, "step": null, "ts": 1653755698.8321483}]}, "version": 219}
{"obj": {"type": "LogStrings", "path": ["monitoring", "stderr"], "values": [{"value": "\r  5%|\u258d         | 65/1402 [00:15<03:54,  5.69it/s]", "step": null, "ts": 1653755698.835149}]}, "version": 220}
{"obj": {"type": "LogFloats", "path": ["running", "loss"], "values": [{"value": 0.7829015254974365, "step": null, "ts": 1653755699.023846}]}, "version": 221}
{"obj": {"type": "LogFloats", "path": ["running", "acc"], "values": [{"value": 0.5, "step": null, "ts": 1653755699.027579}]}, "version": 222}
{"obj": {"type": "LogStrings", "path": ["monitoring", "stderr"], "values": [{"value": "\r  5%|\u258d         | 66/1402 [00:15<04:02,  5.52it/s]", "step": null, "ts": 1653755699.028576}]}, "version": 223}
{"obj": {"type": "LogFloats", "path": ["running", "loss"], "values": [{"value": 0.44673609733581543, "step": null, "ts": 1653755699.211652}]}, "version": 224}
{"obj": {"type": "LogFloats", "path": ["running", "acc"], "values": [{"value": 0.75, "step": null, "ts": 1653755699.2136536}]}, "version": 225}
{"obj": {"type": "LogStrings", "path": ["monitoring", "stderr"], "values": [{"value": "\r  5%|\u258d         | 67/1402 [00:15<04:03,  5.47it/s]", "step": null, "ts": 1653755699.2146535}]}, "version": 226}
{"obj": {"type": "LogFloats", "path": ["running", "loss"], "values": [{"value": 0.40165063738822937, "step": null, "ts": 1653755699.3961468}]}, "version": 227}
{"obj": {"type": "LogFloats", "path": ["running", "acc"], "values": [{"value": 0.875, "step": null, "ts": 1653755699.3996735}]}, "version": 228}
{"obj": {"type": "LogStrings", "path": ["monitoring", "stderr"], "values": [{"value": "\r  5%|\u258d         | 68/1402 [00:15<04:04,  5.45it/s]", "step": null, "ts": 1653755699.4006886}]}, "version": 229}
{"obj": {"type": "LogFloats", "path": ["running", "loss"], "values": [{"value": 0.7214112877845764, "step": null, "ts": 1653755699.5640578}]}, "version": 230}
{"obj": {"type": "LogFloats", "path": ["running", "acc"], "values": [{"value": 0.5, "step": null, "ts": 1653755699.5650582}]}, "version": 231}
{"obj": {"type": "LogStrings", "path": ["monitoring", "stderr"], "values": [{"value": "\r  5%|\u258d         | 69/1402 [00:15<03:57,  5.60it/s]", "step": null, "ts": 1653755699.5687387}]}, "version": 232}
{"obj": {"type": "LogFloats", "path": ["running", "loss"], "values": [{"value": 1.0546997785568237, "step": null, "ts": 1653755699.740737}]}, "version": 233}
{"obj": {"type": "LogFloats", "path": ["running", "acc"], "values": [{"value": 0.375, "step": null, "ts": 1653755699.7437348}]}, "version": 234}
{"obj": {"type": "LogStrings", "path": ["monitoring", "stderr"], "values": [{"value": "\r  5%|\u258d         | 70/1402 [00:15<03:57,  5.61it/s]", "step": null, "ts": 1653755699.7447283}]}, "version": 235}
{"obj": {"type": "LogFloats", "path": ["running", "loss"], "values": [{"value": 0.8029546737670898, "step": null, "ts": 1653755699.9147048}]}, "version": 236}
{"obj": {"type": "LogFloats", "path": ["running", "acc"], "values": [{"value": 0.5, "step": null, "ts": 1653755699.916221}]}, "version": 237}
{"obj": {"type": "LogStrings", "path": ["monitoring", "stderr"], "values": [{"value": "\r  5%|\u258c         | 71/1402 [00:16<03:54,  5.67it/s]", "step": null, "ts": 1653755699.9172828}]}, "version": 238}
{"obj": {"type": "LogFloats", "path": ["running", "loss"], "values": [{"value": 0.353013277053833, "step": null, "ts": 1653755700.0864494}]}, "version": 239}
{"obj": {"type": "LogFloats", "path": ["running", "acc"], "values": [{"value": 0.875, "step": null, "ts": 1653755700.0875063}]}, "version": 240}
{"obj": {"type": "LogStrings", "path": ["monitoring", "stderr"], "values": [{"value": "\r  5%|\u258c         | 72/1402 [00:16<03:52,  5.71it/s]", "step": null, "ts": 1653755700.0885105}]}, "version": 241}
{"obj": {"type": "LogFloats", "path": ["monitoring", "cpu"], "values": [{"value": 55.6, "step": null, "ts": 1653755700.2030318}]}, "version": 242}
{"obj": {"type": "LogFloats", "path": ["monitoring", "memory"], "values": [{"value": 11.503227233886719, "step": null, "ts": 1653755700.2030318}]}, "version": 243}
{"obj": {"type": "LogFloats", "path": ["monitoring", "gpu"], "values": [{"value": 42.0, "step": null, "ts": 1653755700.2030318}]}, "version": 244}
{"obj": {"type": "LogFloats", "path": ["monitoring", "gpu_memory"], "values": [{"value": 3.4345016479492188, "step": null, "ts": 1653755700.2030318}]}, "version": 245}
{"obj": {"type": "LogFloats", "path": ["running", "loss"], "values": [{"value": 0.6860879063606262, "step": null, "ts": 1653755700.2691712}]}, "version": 246}
{"obj": {"type": "LogFloats", "path": ["running", "acc"], "values": [{"value": 0.625, "step": null, "ts": 1653755700.2711704}]}, "version": 247}
{"obj": {"type": "LogStrings", "path": ["monitoring", "stderr"], "values": [{"value": "\r  5%|\u258c         | 73/1402 [00:16<03:56,  5.63it/s]", "step": null, "ts": 1653755700.2721756}]}, "version": 248}
{"obj": {"type": "LogFloats", "path": ["running", "loss"], "values": [{"value": 0.41054248809814453, "step": null, "ts": 1653755700.4301286}]}, "version": 249}
{"obj": {"type": "LogFloats", "path": ["running", "acc"], "values": [{"value": 0.625, "step": null, "ts": 1653755700.432126}]}, "version": 250}
{"obj": {"type": "LogStrings", "path": ["monitoring", "stderr"], "values": [{"value": "\r  5%|\u258c         | 74/1402 [00:16<03:48,  5.80it/s]", "step": null, "ts": 1653755700.432126}]}, "version": 251}
{"obj": {"type": "LogFloats", "path": ["running", "loss"], "values": [{"value": 0.517925500869751, "step": null, "ts": 1653755700.5965343}]}, "version": 252}
{"obj": {"type": "LogFloats", "path": ["running", "acc"], "values": [{"value": 0.625, "step": null, "ts": 1653755700.5985856}]}, "version": 253}
{"obj": {"type": "LogStrings", "path": ["monitoring", "stderr"], "values": [{"value": "\r  5%|\u258c         | 75/1402 [00:16<03:46,  5.86it/s]", "step": null, "ts": 1653755700.5985856}]}, "version": 254}
{"obj": {"type": "LogFloats", "path": ["running", "loss"], "values": [{"value": 0.4714055061340332, "step": null, "ts": 1653755700.7643151}]}, "version": 255}
{"obj": {"type": "LogFloats", "path": ["running", "acc"], "values": [{"value": 0.75, "step": null, "ts": 1653755700.766314}]}, "version": 256}
{"obj": {"type": "LogStrings", "path": ["monitoring", "stderr"], "values": [{"value": "\r  5%|\u258c         | 76/1402 [00:16<03:45,  5.89it/s]", "step": null, "ts": 1653755700.7668238}]}, "version": 257}
{"obj": {"type": "LogFloats", "path": ["running", "loss"], "values": [{"value": 0.795620858669281, "step": null, "ts": 1653755700.954949}]}, "version": 258}
{"obj": {"type": "LogFloats", "path": ["running", "acc"], "values": [{"value": 0.625, "step": null, "ts": 1653755700.9564621}]}, "version": 259}
{"obj": {"type": "LogStrings", "path": ["monitoring", "stderr"], "values": [{"value": "\r  5%|\u258c         | 77/1402 [00:17<03:53,  5.68it/s]", "step": null, "ts": 1653755700.9575195}]}, "version": 260}
{"obj": {"type": "LogFloats", "path": ["running", "loss"], "values": [{"value": 0.6451200246810913, "step": null, "ts": 1653755701.117038}]}, "version": 261}
{"obj": {"type": "LogFloats", "path": ["running", "acc"], "values": [{"value": 0.5, "step": null, "ts": 1653755701.1190717}]}, "version": 262}
{"obj": {"type": "LogStrings", "path": ["monitoring", "stderr"], "values": [{"value": "\r  6%|\u258c         | 78/1402 [00:17<03:47,  5.82it/s]", "step": null, "ts": 1653755701.1200707}]}, "version": 263}
{"obj": {"type": "LogFloats", "path": ["running", "loss"], "values": [{"value": 0.5491265058517456, "step": null, "ts": 1653755701.2671123}]}, "version": 264}
{"obj": {"type": "LogFloats", "path": ["running", "acc"], "values": [{"value": 0.75, "step": null, "ts": 1653755701.2694948}]}, "version": 265}
{"obj": {"type": "LogStrings", "path": ["monitoring", "stderr"], "values": [{"value": "\r  6%|\u258c         | 79/1402 [00:17<03:39,  6.04it/s]", "step": null, "ts": 1653755701.2715032}]}, "version": 266}
{"obj": {"type": "LogFloats", "path": ["running", "loss"], "values": [{"value": 0.5500437021255493, "step": null, "ts": 1653755701.437656}]}, "version": 267}
{"obj": {"type": "LogFloats", "path": ["running", "acc"], "values": [{"value": 0.75, "step": null, "ts": 1653755701.4386566}]}, "version": 268}
{"obj": {"type": "LogStrings", "path": ["monitoring", "stderr"], "values": [{"value": "\r  6%|\u258c         | 80/1402 [00:17<03:40,  6.00it/s]", "step": null, "ts": 1653755701.4396636}]}, "version": 269}
{"obj": {"type": "LogFloats", "path": ["running", "loss"], "values": [{"value": 0.6942709684371948, "step": null, "ts": 1653755701.6011803}]}, "version": 270}
{"obj": {"type": "LogFloats", "path": ["running", "acc"], "values": [{"value": 0.625, "step": null, "ts": 1653755701.6031833}]}, "version": 271}
{"obj": {"type": "LogStrings", "path": ["monitoring", "stderr"], "values": [{"value": "\r  6%|\u258c         | 81/1402 [00:17<03:39,  6.02it/s]", "step": null, "ts": 1653755701.6051998}]}, "version": 272}
{"obj": {"type": "LogFloats", "path": ["running", "loss"], "values": [{"value": 0.5294355750083923, "step": null, "ts": 1653755701.763905}]}, "version": 273}
{"obj": {"type": "LogFloats", "path": ["running", "acc"], "values": [{"value": 0.625, "step": null, "ts": 1653755701.7675943}]}, "version": 274}
{"obj": {"type": "LogStrings", "path": ["monitoring", "stderr"], "values": [{"value": "\r  6%|\u258c         | 82/1402 [00:17<03:38,  6.05it/s]", "step": null, "ts": 1653755701.7685914}]}, "version": 275}
{"obj": {"type": "LogFloats", "path": ["running", "loss"], "values": [{"value": 0.6467887759208679, "step": null, "ts": 1653755701.9296691}]}, "version": 276}
{"obj": {"type": "LogFloats", "path": ["running", "acc"], "values": [{"value": 0.75, "step": null, "ts": 1653755701.9306664}]}, "version": 277}
{"obj": {"type": "LogStrings", "path": ["monitoring", "stderr"], "values": [{"value": "\r  6%|\u258c         | 83/1402 [00:18<03:37,  6.06it/s]", "step": null, "ts": 1653755701.9316683}]}, "version": 278}
{"obj": {"type": "LogFloats", "path": ["running", "loss"], "values": [{"value": 0.5080258846282959, "step": null, "ts": 1653755702.104346}]}, "version": 279}
{"obj": {"type": "LogFloats", "path": ["running", "acc"], "values": [{"value": 0.875, "step": null, "ts": 1653755702.1068635}]}, "version": 280}
{"obj": {"type": "LogStrings", "path": ["monitoring", "stderr"], "values": [{"value": "\r  6%|\u258c         | 84/1402 [00:18<03:41,  5.95it/s]", "step": null, "ts": 1653755702.10788}]}, "version": 281}
{"obj": {"type": "LogFloats", "path": ["running", "loss"], "values": [{"value": 0.5312965512275696, "step": null, "ts": 1653755702.282375}]}, "version": 282}
{"obj": {"type": "LogFloats", "path": ["running", "acc"], "values": [{"value": 0.75, "step": null, "ts": 1653755702.2843776}]}, "version": 283}
{"obj": {"type": "LogStrings", "path": ["monitoring", "stderr"], "values": [{"value": "\r  6%|\u258c         | 85/1402 [00:18<03:45,  5.84it/s]", "step": null, "ts": 1653755702.2863865}]}, "version": 284}
{"obj": {"type": "LogFloats", "path": ["running", "loss"], "values": [{"value": 0.4687197506427765, "step": null, "ts": 1653755702.4583297}]}, "version": 285}
{"obj": {"type": "LogFloats", "path": ["running", "acc"], "values": [{"value": 0.875, "step": null, "ts": 1653755702.4603412}]}, "version": 286}
{"obj": {"type": "LogStrings", "path": ["monitoring", "stderr"], "values": [{"value": "\r  6%|\u258c         | 86/1402 [00:18<03:47,  5.79it/s]", "step": null, "ts": 1653755702.4613433}]}, "version": 287}
{"obj": {"type": "LogFloats", "path": ["running", "loss"], "values": [{"value": 0.4158375859260559, "step": null, "ts": 1653755702.6243548}]}, "version": 288}
{"obj": {"type": "LogFloats", "path": ["running", "acc"], "values": [{"value": 0.75, "step": null, "ts": 1653755702.6253655}]}, "version": 289}
{"obj": {"type": "LogStrings", "path": ["monitoring", "stderr"], "values": [{"value": "\r  6%|\u258c         | 87/1402 [00:18<03:43,  5.87it/s]", "step": null, "ts": 1653755702.626878}]}, "version": 290}
{"obj": {"type": "LogFloats", "path": ["running", "loss"], "values": [{"value": 0.6551678776741028, "step": null, "ts": 1653755702.790517}]}, "version": 291}
{"obj": {"type": "LogFloats", "path": ["running", "acc"], "values": [{"value": 0.625, "step": null, "ts": 1653755702.7935102}]}, "version": 292}
{"obj": {"type": "LogStrings", "path": ["monitoring", "stderr"], "values": [{"value": "\r  6%|\u258b         | 88/1402 [00:18<03:42,  5.90it/s]", "step": null, "ts": 1653755702.7945116}]}, "version": 293}
{"obj": {"type": "LogFloats", "path": ["running", "loss"], "values": [{"value": 0.6398346424102783, "step": null, "ts": 1653755702.963697}]}, "version": 294}
{"obj": {"type": "LogFloats", "path": ["running", "acc"], "values": [{"value": 0.75, "step": null, "ts": 1653755702.964694}]}, "version": 295}
{"obj": {"type": "LogStrings", "path": ["monitoring", "stderr"], "values": [{"value": "\r  6%|\u258b         | 89/1402 [00:19<03:43,  5.87it/s]", "step": null, "ts": 1653755702.9662826}]}, "version": 296}
{"obj": {"type": "LogFloats", "path": ["running", "loss"], "values": [{"value": 0.4047880470752716, "step": null, "ts": 1653755703.121291}]}, "version": 297}
{"obj": {"type": "LogFloats", "path": ["running", "acc"], "values": [{"value": 1.0, "step": null, "ts": 1653755703.1222942}]}, "version": 298}
{"obj": {"type": "LogStrings", "path": ["monitoring", "stderr"], "values": [{"value": "\r  6%|\u258b         | 90/1402 [00:19<03:38,  6.01it/s]", "step": null, "ts": 1653755703.1252}]}, "version": 299}
{"obj": {"type": "LogFloats", "path": ["running", "loss"], "values": [{"value": 0.4196874499320984, "step": null, "ts": 1653755703.298146}]}, "version": 300}
{"obj": {"type": "LogFloats", "path": ["running", "acc"], "values": [{"value": 0.875, "step": null, "ts": 1653755703.3001602}]}, "version": 301}
{"obj": {"type": "LogStrings", "path": ["monitoring", "stderr"], "values": [{"value": "\r  6%|\u258b         | 91/1402 [00:19<03:42,  5.90it/s]", "step": null, "ts": 1653755703.3001602}]}, "version": 302}
{"obj": {"type": "LogFloats", "path": ["running", "loss"], "values": [{"value": 0.784410834312439, "step": null, "ts": 1653755703.4681284}]}, "version": 303}
{"obj": {"type": "LogFloats", "path": ["running", "acc"], "values": [{"value": 0.5, "step": null, "ts": 1653755703.4701378}]}, "version": 304}
{"obj": {"type": "LogStrings", "path": ["monitoring", "stderr"], "values": [{"value": "\r  7%|\u258b         | 92/1402 [00:19<03:42,  5.88it/s]", "step": null, "ts": 1653755703.471139}]}, "version": 305}
{"obj": {"type": "LogFloats", "path": ["running", "loss"], "values": [{"value": 0.6419913172721863, "step": null, "ts": 1653755703.6341832}]}, "version": 306}
{"obj": {"type": "LogFloats", "path": ["running", "acc"], "values": [{"value": 0.625, "step": null, "ts": 1653755703.6367066}]}, "version": 307}
{"obj": {"type": "LogStrings", "path": ["monitoring", "stderr"], "values": [{"value": "\r  7%|\u258b         | 93/1402 [00:19<03:41,  5.92it/s]", "step": null, "ts": 1653755703.637727}]}, "version": 308}
{"obj": {"type": "LogFloats", "path": ["running", "loss"], "values": [{"value": 1.1941747665405273, "step": null, "ts": 1653755703.8032522}]}, "version": 309}
{"obj": {"type": "LogFloats", "path": ["running", "acc"], "values": [{"value": 0.625, "step": null, "ts": 1653755703.805254}]}, "version": 310}
{"obj": {"type": "LogStrings", "path": ["monitoring", "stderr"], "values": [{"value": "\r  7%|\u258b         | 94/1402 [00:19<03:41,  5.92it/s]", "step": null, "ts": 1653755703.8067708}]}, "version": 311}
{"obj": {"type": "LogFloats", "path": ["running", "loss"], "values": [{"value": 1.2058320045471191, "step": null, "ts": 1653755703.9625614}]}, "version": 312}
{"obj": {"type": "LogFloats", "path": ["running", "acc"], "values": [{"value": 0.375, "step": null, "ts": 1653755703.9645598}]}, "version": 313}
{"obj": {"type": "LogStrings", "path": ["monitoring", "stderr"], "values": [{"value": "\r  7%|\u258b         | 95/1402 [00:20<03:36,  6.04it/s]", "step": null, "ts": 1653755703.9655607}]}, "version": 314}
{"obj": {"type": "LogFloats", "path": ["running", "loss"], "values": [{"value": 0.663271963596344, "step": null, "ts": 1653755704.120002}]}, "version": 315}
{"obj": {"type": "LogFloats", "path": ["running", "acc"], "values": [{"value": 0.625, "step": null, "ts": 1653755704.1220043}]}, "version": 316}
{"obj": {"type": "LogStrings", "path": ["monitoring", "stderr"], "values": [{"value": "\r  7%|\u258b         | 96/1402 [00:20<03:33,  6.13it/s]", "step": null, "ts": 1653755704.1230083}]}, "version": 317}
{"obj": {"type": "LogFloats", "path": ["running", "loss"], "values": [{"value": 0.4039393663406372, "step": null, "ts": 1653755704.279119}]}, "version": 318}
{"obj": {"type": "LogFloats", "path": ["running", "acc"], "values": [{"value": 0.75, "step": null, "ts": 1653755704.28109}]}, "version": 319}
{"obj": {"type": "LogStrings", "path": ["monitoring", "stderr"], "values": [{"value": "\r  7%|\u258b         | 97/1402 [00:20<03:31,  6.17it/s]", "step": null, "ts": 1653755704.282084}]}, "version": 320}
{"obj": {"type": "LogFloats", "path": ["running", "loss"], "values": [{"value": 0.6398793458938599, "step": null, "ts": 1653755704.4428334}]}, "version": 321}
{"obj": {"type": "LogFloats", "path": ["running", "acc"], "values": [{"value": 0.625, "step": null, "ts": 1653755704.444823}]}, "version": 322}
{"obj": {"type": "LogStrings", "path": ["monitoring", "stderr"], "values": [{"value": "\r  7%|\u258b         | 98/1402 [00:20<03:31,  6.15it/s]", "step": null, "ts": 1653755704.4463377}]}, "version": 323}
{"obj": {"type": "LogFloats", "path": ["running", "loss"], "values": [{"value": 0.4590076506137848, "step": null, "ts": 1653755704.6182702}]}, "version": 324}
{"obj": {"type": "LogFloats", "path": ["running", "acc"], "values": [{"value": 0.75, "step": null, "ts": 1653755704.620288}]}, "version": 325}
{"obj": {"type": "LogStrings", "path": ["monitoring", "stderr"], "values": [{"value": "\r  7%|\u258b         | 99/1402 [00:20<03:37,  6.00it/s]", "step": null, "ts": 1653755704.6222837}]}, "version": 326}
{"obj": {"type": "LogFloats", "path": ["running", "loss"], "values": [{"value": 0.7363377213478088, "step": null, "ts": 1653755704.795004}]}, "version": 327}
{"obj": {"type": "LogFloats", "path": ["running", "acc"], "values": [{"value": 0.5, "step": null, "ts": 1653755704.7965143}]}, "version": 328}
{"obj": {"type": "LogStrings", "path": ["monitoring", "stderr"], "values": [{"value": "\r  7%|\u258b         | 100/1402 [00:20<03:40,  5.90it/s]", "step": null, "ts": 1653755704.797575}]}, "version": 329}
{"obj": {"type": "LogFloats", "path": ["running", "loss"], "values": [{"value": 0.569066047668457, "step": null, "ts": 1653755704.963509}]}, "version": 330}
{"obj": {"type": "LogFloats", "path": ["running", "acc"], "values": [{"value": 0.625, "step": null, "ts": 1653755704.9655175}]}, "version": 331}
{"obj": {"type": "LogStrings", "path": ["monitoring", "stderr"], "values": [{"value": "\r  7%|\u258b         | 101/1402 [00:21<03:39,  5.91it/s]", "step": null, "ts": 1653755704.96651}]}, "version": 332}
{"obj": {"type": "LogFloats", "path": ["running", "loss"], "values": [{"value": 0.7302402257919312, "step": null, "ts": 1653755705.127597}]}, "version": 333}
{"obj": {"type": "LogFloats", "path": ["running", "acc"], "values": [{"value": 0.5, "step": null, "ts": 1653755705.129611}]}, "version": 334}
{"obj": {"type": "LogStrings", "path": ["monitoring", "stderr"], "values": [{"value": "\r  7%|\u258b         | 102/1402 [00:21<03:38,  5.96it/s]", "step": null, "ts": 1653755705.1306105}]}, "version": 335}
{"obj": {"type": "LogFloats", "path": ["running", "loss"], "values": [{"value": 0.4750484228134155, "step": null, "ts": 1653755705.296323}]}, "version": 336}
{"obj": {"type": "LogFloats", "path": ["running", "acc"], "values": [{"value": 0.875, "step": null, "ts": 1653755705.2983792}]}, "version": 337}
{"obj": {"type": "LogStrings", "path": ["monitoring", "stderr"], "values": [{"value": "\r  7%|\u258b         | 103/1402 [00:21<03:38,  5.96it/s]", "step": null, "ts": 1653755705.2993982}]}, "version": 338}
{"obj": {"type": "LogFloats", "path": ["running", "loss"], "values": [{"value": 0.5888429880142212, "step": null, "ts": 1653755705.4599552}]}, "version": 339}
{"obj": {"type": "LogFloats", "path": ["running", "acc"], "values": [{"value": 0.75, "step": null, "ts": 1653755705.4619515}]}, "version": 340}
{"obj": {"type": "LogStrings", "path": ["monitoring", "stderr"], "values": [{"value": "\r  7%|\u258b         | 104/1402 [00:21<03:36,  5.99it/s]", "step": null, "ts": 1653755705.4629557}]}, "version": 341}
{"obj": {"type": "LogFloats", "path": ["running", "loss"], "values": [{"value": 0.6216490268707275, "step": null, "ts": 1653755705.6261747}]}, "version": 342}
{"obj": {"type": "LogFloats", "path": ["running", "acc"], "values": [{"value": 0.5, "step": null, "ts": 1653755705.6292543}]}, "version": 343}
{"obj": {"type": "LogStrings", "path": ["monitoring", "stderr"], "values": [{"value": "\r  7%|\u258b         | 105/1402 [00:21<03:36,  6.00it/s]", "step": null, "ts": 1653755705.630256}]}, "version": 344}
{"obj": {"type": "LogFloats", "path": ["running", "loss"], "values": [{"value": 0.7594794034957886, "step": null, "ts": 1653755705.7984}]}, "version": 345}
{"obj": {"type": "LogFloats", "path": ["running", "acc"], "values": [{"value": 0.375, "step": null, "ts": 1653755705.800412}]}, "version": 346}
{"obj": {"type": "LogStrings", "path": ["monitoring", "stderr"], "values": [{"value": "\r  8%|\u258a         | 106/1402 [00:21<03:38,  5.94it/s]", "step": null, "ts": 1653755705.8014119}]}, "version": 347}
{"obj": {"type": "LogFloats", "path": ["running", "loss"], "values": [{"value": 0.5789685249328613, "step": null, "ts": 1653755705.9800057}]}, "version": 348}
{"obj": {"type": "LogFloats", "path": ["running", "acc"], "values": [{"value": 0.75, "step": null, "ts": 1653755705.9820116}]}, "version": 349}
{"obj": {"type": "LogStrings", "path": ["monitoring", "stderr"], "values": [{"value": "\r  8%|\u258a         | 107/1402 [00:22<03:43,  5.80it/s]", "step": null, "ts": 1653755705.9840107}]}, "version": 350}
{"obj": {"type": "LogFloats", "path": ["running", "loss"], "values": [{"value": 0.5653887987136841, "step": null, "ts": 1653755706.1799622}]}, "version": 351}
{"obj": {"type": "LogFloats", "path": ["running", "acc"], "values": [{"value": 0.75, "step": null, "ts": 1653755706.1819654}]}, "version": 352}
{"obj": {"type": "LogStrings", "path": ["monitoring", "stderr"], "values": [{"value": "\r  8%|\u258a         | 108/1402 [00:22<03:53,  5.54it/s]", "step": null, "ts": 1653755706.1829665}]}, "version": 353}
{"obj": {"type": "LogFloats", "path": ["running", "loss"], "values": [{"value": 0.6433202028274536, "step": null, "ts": 1653755706.3582594}]}, "version": 354}
{"obj": {"type": "LogFloats", "path": ["running", "acc"], "values": [{"value": 0.75, "step": null, "ts": 1653755706.3613033}]}, "version": 355}
{"obj": {"type": "LogStrings", "path": ["monitoring", "stderr"], "values": [{"value": "\r  8%|\u258a         | 109/1402 [00:22<03:52,  5.56it/s]", "step": null, "ts": 1653755706.362272}]}, "version": 356}
{"obj": {"type": "LogFloats", "path": ["running", "loss"], "values": [{"value": 0.5931239128112793, "step": null, "ts": 1653755706.5212874}]}, "version": 357}
{"obj": {"type": "LogFloats", "path": ["running", "acc"], "values": [{"value": 0.75, "step": null, "ts": 1653755706.5233192}]}, "version": 358}
{"obj": {"type": "LogStrings", "path": ["monitoring", "stderr"], "values": [{"value": "\r  8%|\u258a         | 110/1402 [00:22<03:45,  5.72it/s]", "step": null, "ts": 1653755706.524286}]}, "version": 359}
{"obj": {"type": "LogFloats", "path": ["running", "loss"], "values": [{"value": 0.5652763843536377, "step": null, "ts": 1653755706.6893544}]}, "version": 360}
{"obj": {"type": "LogFloats", "path": ["running", "acc"], "values": [{"value": 0.75, "step": null, "ts": 1653755706.6913557}]}, "version": 361}
{"obj": {"type": "LogStrings", "path": ["monitoring", "stderr"], "values": [{"value": "\r  8%|\u258a         | 111/1402 [00:22<03:42,  5.80it/s]", "step": null, "ts": 1653755706.6913557}]}, "version": 362}
{"obj": {"type": "LogFloats", "path": ["running", "loss"], "values": [{"value": 0.630704402923584, "step": null, "ts": 1653755706.8775322}]}, "version": 363}
{"obj": {"type": "LogFloats", "path": ["running", "acc"], "values": [{"value": 0.625, "step": null, "ts": 1653755706.8805478}]}, "version": 364}
{"obj": {"type": "LogStrings", "path": ["monitoring", "stderr"], "values": [{"value": "\r  8%|\u258a         | 112/1402 [00:23<03:48,  5.63it/s]", "step": null, "ts": 1653755706.8815486}]}, "version": 365}
{"obj": {"type": "LogFloats", "path": ["running", "loss"], "values": [{"value": 0.45868948101997375, "step": null, "ts": 1653755707.0609503}]}, "version": 366}
{"obj": {"type": "LogFloats", "path": ["running", "acc"], "values": [{"value": 0.875, "step": null, "ts": 1653755707.061951}]}, "version": 367}
{"obj": {"type": "LogStrings", "path": ["monitoring", "stderr"], "values": [{"value": "\r  8%|\u258a         | 113/1402 [00:23<03:50,  5.59it/s]", "step": null, "ts": 1653755707.0629528}]}, "version": 368}
{"obj": {"type": "LogFloats", "path": ["running", "loss"], "values": [{"value": 0.5034829378128052, "step": null, "ts": 1653755707.290132}]}, "version": 369}
{"obj": {"type": "LogFloats", "path": ["running", "acc"], "values": [{"value": 0.75, "step": null, "ts": 1653755707.2931263}]}, "version": 370}
{"obj": {"type": "LogStrings", "path": ["monitoring", "stderr"], "values": [{"value": "\r  8%|\u258a         | 114/1402 [00:23<04:10,  5.15it/s]", "step": null, "ts": 1653755707.294124}]}, "version": 371}
{"obj": {"type": "LogFloats", "path": ["running", "loss"], "values": [{"value": 0.6334100961685181, "step": null, "ts": 1653755707.500726}]}, "version": 372}
{"obj": {"type": "LogFloats", "path": ["running", "acc"], "values": [{"value": 0.75, "step": null, "ts": 1653755707.5027251}]}, "version": 373}
{"obj": {"type": "LogStrings", "path": ["monitoring", "stderr"], "values": [{"value": "\r  8%|\u258a         | 115/1402 [00:23<04:16,  5.02it/s]", "step": null, "ts": 1653755707.5047276}]}, "version": 374}
{"obj": {"type": "LogFloats", "path": ["running", "loss"], "values": [{"value": 0.630646824836731, "step": null, "ts": 1653755707.6977012}]}, "version": 375}
{"obj": {"type": "LogFloats", "path": ["running", "acc"], "values": [{"value": 0.75, "step": null, "ts": 1653755707.6997304}]}, "version": 376}
{"obj": {"type": "LogStrings", "path": ["monitoring", "stderr"], "values": [{"value": "\r  8%|\u258a         | 116/1402 [00:23<04:15,  5.04it/s]", "step": null, "ts": 1653755707.7017303}]}, "version": 377}
{"obj": {"type": "LogFloats", "path": ["running", "loss"], "values": [{"value": 0.7704116106033325, "step": null, "ts": 1653755707.880815}]}, "version": 378}
{"obj": {"type": "LogFloats", "path": ["running", "acc"], "values": [{"value": 0.625, "step": null, "ts": 1653755707.8828201}]}, "version": 379}
{"obj": {"type": "LogStrings", "path": ["monitoring", "stderr"], "values": [{"value": "\r  8%|\u258a         | 117/1402 [00:24<04:08,  5.16it/s]", "step": null, "ts": 1653755707.883819}]}, "version": 380}
{"obj": {"type": "LogFloats", "path": ["running", "loss"], "values": [{"value": 0.8568936586380005, "step": null, "ts": 1653755708.047792}]}, "version": 381}
{"obj": {"type": "LogFloats", "path": ["running", "acc"], "values": [{"value": 0.375, "step": null, "ts": 1653755708.0498028}]}, "version": 382}
{"obj": {"type": "LogStrings", "path": ["monitoring", "stderr"], "values": [{"value": "\r  8%|\u258a         | 118/1402 [00:24<03:58,  5.39it/s]", "step": null, "ts": 1653755708.0518272}]}, "version": 383}
{"obj": {"type": "LogFloats", "path": ["running", "loss"], "values": [{"value": 0.43041473627090454, "step": null, "ts": 1653755708.2313344}]}, "version": 384}
{"obj": {"type": "LogFloats", "path": ["running", "acc"], "values": [{"value": 0.875, "step": null, "ts": 1653755708.233332}]}, "version": 385}
{"obj": {"type": "LogStrings", "path": ["monitoring", "stderr"], "values": [{"value": "\r  8%|\u258a         | 119/1402 [00:24<03:57,  5.40it/s]", "step": null, "ts": 1653755708.2343369}]}, "version": 386}
{"obj": {"type": "LogFloats", "path": ["running", "loss"], "values": [{"value": 0.7330256700515747, "step": null, "ts": 1653755708.413461}]}, "version": 387}
{"obj": {"type": "LogFloats", "path": ["running", "acc"], "values": [{"value": 0.625, "step": null, "ts": 1653755708.415464}]}, "version": 388}
{"obj": {"type": "LogStrings", "path": ["monitoring", "stderr"], "values": [{"value": "\r  9%|\u258a         | 120/1402 [00:24<03:55,  5.43it/s]", "step": null, "ts": 1653755708.4169798}]}, "version": 389}
{"obj": {"type": "LogFloats", "path": ["running", "loss"], "values": [{"value": 0.47880110144615173, "step": null, "ts": 1653755708.5970583}]}, "version": 390}
{"obj": {"type": "LogFloats", "path": ["running", "acc"], "values": [{"value": 0.75, "step": null, "ts": 1653755708.5990934}]}, "version": 391}
{"obj": {"type": "LogStrings", "path": ["monitoring", "stderr"], "values": [{"value": "\r  9%|\u258a         | 121/1402 [00:24<03:55,  5.43it/s]", "step": null, "ts": 1653755708.6000938}]}, "version": 392}
{"obj": {"type": "LogFloats", "path": ["running", "loss"], "values": [{"value": 0.5444002151489258, "step": null, "ts": 1653755708.8049054}]}, "version": 393}
{"obj": {"type": "LogFloats", "path": ["running", "acc"], "values": [{"value": 0.625, "step": null, "ts": 1653755708.8086393}]}, "version": 394}
{"obj": {"type": "LogStrings", "path": ["monitoring", "stderr"], "values": [{"value": "\r  9%|\u258a         | 122/1402 [00:24<04:05,  5.21it/s]", "step": null, "ts": 1653755708.8096578}]}, "version": 395}
{"obj": {"type": "LogFloats", "path": ["running", "loss"], "values": [{"value": 0.6381996273994446, "step": null, "ts": 1653755709.0038824}]}, "version": 396}
{"obj": {"type": "LogFloats", "path": ["running", "acc"], "values": [{"value": 0.625, "step": null, "ts": 1653755709.0064042}]}, "version": 397}
{"obj": {"type": "LogStrings", "path": ["monitoring", "stderr"], "values": [{"value": "\r  9%|\u2589         | 123/1402 [00:25<04:07,  5.17it/s]", "step": null, "ts": 1653755709.007469}]}, "version": 398}
{"obj": {"type": "LogStrings", "path": ["monitoring", "stderr"], "values": [{"value": "", "step": null, "ts": 1653755709.1696987}]}, "version": 399}
{"obj": {"type": "LogStrings", "path": ["monitoring", "stderr"], "values": [{"value": "\r  9%|\u2589         | 123/1402 [00:25<04:23,  4.85it/s]", "step": null, "ts": 1653755709.1706824}]}, "version": 400}
{"obj": {"type": "LogStrings", "path": ["monitoring", "stderr"], "values": [{"value": "\n", "step": null, "ts": 1653755709.1726885}]}, "version": 401}
{"obj": {"type": "LogFloats", "path": ["monitoring", "cpu"], "values": [{"value": 26.9, "step": null, "ts": 1653755710.2266192}]}, "version": 402}
{"obj": {"type": "LogFloats", "path": ["monitoring", "memory"], "values": [{"value": 11.55380630493164, "step": null, "ts": 1653755710.2266192}]}, "version": 403}
{"obj": {"type": "LogFloats", "path": ["monitoring", "gpu"], "values": [{"value": 12.0, "step": null, "ts": 1653755710.2266192}]}, "version": 404}
{"obj": {"type": "LogFloats", "path": ["monitoring", "gpu_memory"], "values": [{"value": 3.452281951904297, "step": null, "ts": 1653755710.2266192}]}, "version": 405}
{"obj": {"type": "LogFloats", "path": ["monitoring", "cpu"], "values": [{"value": 4.6, "step": null, "ts": 1653755720.2532172}]}, "version": 406}
{"obj": {"type": "LogFloats", "path": ["monitoring", "memory"], "values": [{"value": 11.545360565185547, "step": null, "ts": 1653755720.2532172}]}, "version": 407}
{"obj": {"type": "LogFloats", "path": ["monitoring", "gpu_memory"], "values": [{"value": 3.457469940185547, "step": null, "ts": 1653755720.2532172}]}, "version": 408}
{"obj": {"type": "LogFloats", "path": ["monitoring", "cpu"], "values": [{"value": 2.3, "step": null, "ts": 1653755730.2749624}]}, "version": 409}
{"obj": {"type": "LogFloats", "path": ["monitoring", "memory"], "values": [{"value": 11.48172378540039, "step": null, "ts": 1653755730.2749624}]}, "version": 410}
{"obj": {"type": "LogFloats", "path": ["monitoring", "gpu"], "values": [{"value": 1.0, "step": null, "ts": 1653755730.2749624}]}, "version": 411}
{"obj": {"type": "LogFloats", "path": ["monitoring", "gpu_memory"], "values": [{"value": 3.445354461669922, "step": null, "ts": 1653755730.2749624}]}, "version": 412}
{"obj": {"type": "LogFloats", "path": ["monitoring", "cpu"], "values": [{"value": 5.1, "step": null, "ts": 1653755740.2961593}]}, "version": 413}
{"obj": {"type": "LogFloats", "path": ["monitoring", "memory"], "values": [{"value": 11.458942413330078, "step": null, "ts": 1653755740.2961593}]}, "version": 414}
{"obj": {"type": "LogFloats", "path": ["monitoring", "gpu"], "values": [{"value": 1.0, "step": null, "ts": 1653755740.2961593}]}, "version": 415}
{"obj": {"type": "LogFloats", "path": ["monitoring", "gpu_memory"], "values": [{"value": 3.459850311279297, "step": null, "ts": 1653755740.2961593}]}, "version": 416}
{"obj": {"type": "LogFloats", "path": ["monitoring", "cpu"], "values": [{"value": 5.9, "step": null, "ts": 1653755750.3086138}]}, "version": 417}
{"obj": {"type": "LogFloats", "path": ["monitoring", "memory"], "values": [{"value": 11.493515014648438, "step": null, "ts": 1653755750.3086138}]}, "version": 418}
{"obj": {"type": "LogFloats", "path": ["monitoring", "gpu"], "values": [{"value": 3.0, "step": null, "ts": 1653755750.3086138}]}, "version": 419}
{"obj": {"type": "LogFloats", "path": ["monitoring", "gpu_memory"], "values": [{"value": 3.464061737060547, "step": null, "ts": 1653755750.3086138}]}, "version": 420}
{"obj": {"type": "LogFloats", "path": ["monitoring", "cpu"], "values": [{"value": 4.9, "step": null, "ts": 1653755760.3259525}]}, "version": 421}
{"obj": {"type": "LogFloats", "path": ["monitoring", "memory"], "values": [{"value": 11.503425598144531, "step": null, "ts": 1653755760.3259525}]}, "version": 422}
{"obj": {"type": "LogFloats", "path": ["monitoring", "gpu"], "values": [{"value": 12.0, "step": null, "ts": 1653755760.3259525}]}, "version": 423}
{"obj": {"type": "LogFloats", "path": ["monitoring", "gpu_memory"], "values": [{"value": 3.468700408935547, "step": null, "ts": 1653755760.3259525}]}, "version": 424}
