{"obj": {"type": "AssignString", "path": ["sys", "name"], "value": "Untitled"}, "version": 1}
{"obj": {"type": "AssignString", "path": ["sys", "description"], "value": ""}, "version": 2}
{"obj": {"type": "AssignString", "path": ["sys", "hostname"], "value": "Victor"}, "version": 3}
{"obj": {"type": "AssignBool", "path": ["sys", "failed"], "value": false}, "version": 4}
{"obj": {"type": "ClearStringLog", "path": ["monitoring", "stdout"]}, "version": 5}
{"obj": {"type": "ClearStringLog", "path": ["monitoring", "stderr"]}, "version": 6}
{"obj": {"type": "ConfigFloatSeries", "path": ["monitoring", "cpu"], "min": 0.0, "max": 100.0, "unit": "%"}, "version": 7}
{"obj": {"type": "ClearFloatLog", "path": ["monitoring", "cpu"]}, "version": 8}
{"obj": {"type": "ConfigFloatSeries", "path": ["monitoring", "memory"], "min": 0.0, "max": 15.850276947021484, "unit": "GB"}, "version": 9}
{"obj": {"type": "ClearFloatLog", "path": ["monitoring", "memory"]}, "version": 10}
{"obj": {"type": "ConfigFloatSeries", "path": ["monitoring", "gpu"], "min": 0.0, "max": 100.0, "unit": "%"}, "version": 11}
{"obj": {"type": "ClearFloatLog", "path": ["monitoring", "gpu"]}, "version": 12}
{"obj": {"type": "ConfigFloatSeries", "path": ["monitoring", "gpu_memory"], "min": 0.0, "max": 8.0, "unit": "GB"}, "version": 13}
{"obj": {"type": "ClearFloatLog", "path": ["monitoring", "gpu_memory"]}, "version": 14}
{"obj": {"type": "LogStrings", "path": ["monitoring", "stdout"], "values": [{"value": "", "step": null, "ts": 1654869701.26318}]}, "version": 15}
{"obj": {"type": "LogStrings", "path": ["monitoring", "stdout"], "values": [{"value": "Remember to stop your run once you\u2019ve finished logging your metadata (https://docs.neptune.ai/api-reference/run#.stop). It will be stopped automatically only when the notebook kernel/interactive console is terminated.\n", "step": null, "ts": 1654869701.2642148}]}, "version": 16}
{"obj": {"type": "LogFloats", "path": ["monitoring", "cpu"], "values": [{"value": 2.8, "step": null, "ts": 1654869701.2581837}]}, "version": 17}
{"obj": {"type": "LogFloats", "path": ["monitoring", "memory"], "values": [{"value": 8.467662811279297, "step": null, "ts": 1654869701.2581837}]}, "version": 18}
{"obj": {"type": "LogFloats", "path": ["monitoring", "gpu"], "values": [{"value": 12.0, "step": null, "ts": 1654869701.2581837}]}, "version": 19}
{"obj": {"type": "LogFloats", "path": ["monitoring", "gpu_memory"], "values": [{"value": 0.6106719970703125, "step": null, "ts": 1654869701.2581837}]}, "version": 20}
{"obj": {"type": "LogStrings", "path": ["monitoring", "stdout"], "values": [{"value": "NVIDIA GeForce GTX 1070 with Max-Q Design", "step": null, "ts": 1654869701.5099463}]}, "version": 21}
{"obj": {"type": "LogStrings", "path": ["monitoring", "stdout"], "values": [{"value": " ", "step": null, "ts": 1654869701.5099463}]}, "version": 22}
{"obj": {"type": "LogStrings", "path": ["monitoring", "stdout"], "values": [{"value": "_CudaDeviceProperties(name='NVIDIA GeForce GTX 1070 with Max-Q Design', major=6, minor=1, total_memory=8191MB, multi_processor_count=16)", "step": null, "ts": 1654869701.5099463}]}, "version": 23}
{"obj": {"type": "LogStrings", "path": ["monitoring", "stdout"], "values": [{"value": "\n", "step": null, "ts": 1654869701.5109742}]}, "version": 24}
{"obj": {"type": "LogStrings", "path": ["monitoring", "stderr"], "values": [{"value": "\r  0%|          | 0/100 [00:00<?, ?it/s]", "step": null, "ts": 1654869702.3310955}]}, "version": 25}
{"obj": {"type": "LogStrings", "path": ["monitoring", "stderr"], "values": [{"value": "\r  7%|\u258b         | 7/100 [00:00<00:01, 58.10it/s]", "step": null, "ts": 1654869702.454085}]}, "version": 26}
{"obj": {"type": "LogStrings", "path": ["monitoring", "stderr"], "values": [{"value": "\r 14%|\u2588\u258d        | 14/100 [00:00<00:01, 62.45it/s]", "step": null, "ts": 1654869702.560807}]}, "version": 27}
{"obj": {"type": "LogStrings", "path": ["monitoring", "stderr"], "values": [{"value": "\r 21%|\u2588\u2588        | 21/100 [00:00<00:01, 63.53it/s]", "step": null, "ts": 1654869702.668725}]}, "version": 28}
{"obj": {"type": "LogStrings", "path": ["monitoring", "stderr"], "values": [{"value": "\r 28%|\u2588\u2588\u258a       | 28/100 [00:00<00:01, 53.46it/s]", "step": null, "ts": 1654869702.830951}]}, "version": 29}
{"obj": {"type": "LogStrings", "path": ["monitoring", "stderr"], "values": [{"value": "\r 34%|\u2588\u2588\u2588\u258d      | 34/100 [00:00<00:01, 51.97it/s]", "step": null, "ts": 1654869702.9530594}]}, "version": 30}
{"obj": {"type": "LogStrings", "path": ["monitoring", "stderr"], "values": [{"value": "\r 40%|\u2588\u2588\u2588\u2588      | 40/100 [00:00<00:01, 53.07it/s]", "step": null, "ts": 1654869703.0609577}]}, "version": 31}
{"obj": {"type": "LogStrings", "path": ["monitoring", "stderr"], "values": [{"value": "\r 46%|\u2588\u2588\u2588\u2588\u258c     | 46/100 [00:00<00:01, 53.32it/s]", "step": null, "ts": 1654869703.1723511}]}, "version": 32}
{"obj": {"type": "LogStrings", "path": ["monitoring", "stderr"], "values": [{"value": "\r 54%|\u2588\u2588\u2588\u2588\u2588\u258d    | 54/100 [00:00<00:00, 59.06it/s]", "step": null, "ts": 1654869703.283259}]}, "version": 33}
{"obj": {"type": "LogStrings", "path": ["monitoring", "stderr"], "values": [{"value": "\r 62%|\u2588\u2588\u2588\u2588\u2588\u2588\u258f   | 62/100 [00:01<00:00, 63.13it/s]", "step": null, "ts": 1654869703.3931065}]}, "version": 34}
{"obj": {"type": "LogStrings", "path": ["monitoring", "stderr"], "values": [{"value": "\r 69%|\u2588\u2588\u2588\u2588\u2588\u2588\u2589   | 69/100 [00:01<00:00, 54.05it/s]", "step": null, "ts": 1654869703.566533}]}, "version": 35}
{"obj": {"type": "LogStrings", "path": ["monitoring", "stderr"], "values": [{"value": "\r 75%|\u2588\u2588\u2588\u2588\u2588\u2588\u2588\u258c  | 75/100 [00:01<00:00, 55.25it/s]", "step": null, "ts": 1654869703.668112}]}, "version": 36}
{"obj": {"type": "LogStrings", "path": ["monitoring", "stderr"], "values": [{"value": "\r 81%|\u2588\u2588\u2588\u2588\u2588\u2588\u2588\u2588  | 81/100 [00:01<00:00, 53.20it/s]", "step": null, "ts": 1654869703.791234}]}, "version": 37}
{"obj": {"type": "LogStrings", "path": ["monitoring", "stderr"], "values": [{"value": "\r 87%|\u2588\u2588\u2588\u2588\u2588\u2588\u2588\u2588\u258b | 87/100 [00:01<00:00, 52.65it/s]", "step": null, "ts": 1654869703.9086182}]}, "version": 38}
{"obj": {"type": "LogStrings", "path": ["monitoring", "stderr"], "values": [{"value": "\r 93%|\u2588\u2588\u2588\u2588\u2588\u2588\u2588\u2588\u2588\u258e| 93/100 [00:01<00:00, 53.19it/s]", "step": null, "ts": 1654869704.0185907}]}, "version": 39}
{"obj": {"type": "LogStrings", "path": ["monitoring", "stderr"], "values": [{"value": "\r 99%|\u2588\u2588\u2588\u2588\u2588\u2588\u2588\u2588\u2588\u2589| 99/100 [00:01<00:00, 51.07it/s]", "step": null, "ts": 1654869704.1474288}]}, "version": 40}
{"obj": {"type": "LogStrings", "path": ["monitoring", "stderr"], "values": [{"value": "", "step": null, "ts": 1654869704.1948001}]}, "version": 41}
{"obj": {"type": "LogStrings", "path": ["monitoring", "stderr"], "values": [{"value": "\r100%|\u2588\u2588\u2588\u2588\u2588\u2588\u2588\u2588\u2588\u2588| 100/100 [00:01<00:00, 53.69it/s]", "step": null, "ts": 1654869704.1968026}]}, "version": 42}
{"obj": {"type": "LogStrings", "path": ["monitoring", "stderr"], "values": [{"value": "\n", "step": null, "ts": 1654869704.1988077}]}, "version": 43}
{"obj": {"type": "LogStrings", "path": ["monitoring", "stderr"], "values": [{"value": "\r  0%|          | 0/48 [00:00<?, ?it/s]", "step": null, "ts": 1654869706.639406}]}, "version": 44}
{"obj": {"type": "LogStrings", "path": ["monitoring", "stderr"], "values": [{"value": "", "step": null, "ts": 1654869710.7186868}]}, "version": 45}
{"obj": {"type": "LogStrings", "path": ["monitoring", "stderr"], "values": [{"value": "\r  0%|          | 0/48 [00:04<?, ?it/s]", "step": null, "ts": 1654869710.7196374}]}, "version": 46}
{"obj": {"type": "LogStrings", "path": ["monitoring", "stderr"], "values": [{"value": "\n", "step": null, "ts": 1654869710.720638}]}, "version": 47}
{"obj": {"type": "LogFloats", "path": ["monitoring", "cpu"], "values": [{"value": 23.4, "step": null, "ts": 1654869711.2979481}]}, "version": 48}
{"obj": {"type": "LogFloats", "path": ["monitoring", "memory"], "values": [{"value": 10.17470932006836, "step": null, "ts": 1654869711.2979481}]}, "version": 49}
{"obj": {"type": "LogFloats", "path": ["monitoring", "gpu"], "values": [{"value": 13.0, "step": null, "ts": 1654869711.2979481}]}, "version": 50}
{"obj": {"type": "LogFloats", "path": ["monitoring", "gpu_memory"], "values": [{"value": 1.5912017822265625, "step": null, "ts": 1654869711.2979481}]}, "version": 51}
{"obj": {"type": "LogFloats", "path": ["monitoring", "cpu"], "values": [{"value": 0.5, "step": null, "ts": 1654869721.5257385}]}, "version": 52}
{"obj": {"type": "LogFloats", "path": ["monitoring", "memory"], "values": [{"value": 10.184711456298828, "step": null, "ts": 1654869721.5257385}]}, "version": 53}
{"obj": {"type": "LogFloats", "path": ["monitoring", "gpu_memory"], "values": [{"value": 1.6309356689453125, "step": null, "ts": 1654869721.5257385}]}, "version": 54}
{"obj": {"type": "LogFloats", "path": ["monitoring", "cpu"], "values": [{"value": 0.4, "step": null, "ts": 1654869731.5358045}]}, "version": 55}
{"obj": {"type": "LogFloats", "path": ["monitoring", "memory"], "values": [{"value": 10.173606872558594, "step": null, "ts": 1654869731.5358045}]}, "version": 56}
{"obj": {"type": "LogFloats", "path": ["monitoring", "gpu_memory"], "values": [{"value": 1.6309356689453125, "step": null, "ts": 1654869731.5358045}]}, "version": 57}
{"obj": {"type": "LogFloats", "path": ["monitoring", "cpu"], "values": [{"value": 0.3, "step": null, "ts": 1654869741.5468166}]}, "version": 58}
{"obj": {"type": "LogFloats", "path": ["monitoring", "memory"], "values": [{"value": 10.16488265991211, "step": null, "ts": 1654869741.5468166}]}, "version": 59}
{"obj": {"type": "LogFloats", "path": ["monitoring", "gpu_memory"], "values": [{"value": 1.6309356689453125, "step": null, "ts": 1654869741.5468166}]}, "version": 60}
{"obj": {"type": "LogFloats", "path": ["monitoring", "cpu"], "values": [{"value": 1.3, "step": null, "ts": 1654869751.5610244}]}, "version": 61}
{"obj": {"type": "LogFloats", "path": ["monitoring", "memory"], "values": [{"value": 10.218017578125, "step": null, "ts": 1654869751.5610244}]}, "version": 62}
{"obj": {"type": "LogFloats", "path": ["monitoring", "gpu_memory"], "values": [{"value": 1.6557235717773438, "step": null, "ts": 1654869751.5610244}]}, "version": 63}
{"obj": {"type": "LogFloats", "path": ["monitoring", "cpu"], "values": [{"value": 0.7, "step": null, "ts": 1654869761.5783386}]}, "version": 64}
{"obj": {"type": "LogFloats", "path": ["monitoring", "memory"], "values": [{"value": 10.179679870605469, "step": null, "ts": 1654869761.5783386}]}, "version": 65}
{"obj": {"type": "LogFloats", "path": ["monitoring", "gpu_memory"], "values": [{"value": 1.6467056274414062, "step": null, "ts": 1654869761.5783386}]}, "version": 66}
{"obj": {"type": "LogFloats", "path": ["monitoring", "cpu"], "values": [{"value": 0.9, "step": null, "ts": 1654869771.588865}]}, "version": 67}
{"obj": {"type": "LogFloats", "path": ["monitoring", "memory"], "values": [{"value": 10.087059020996094, "step": null, "ts": 1654869771.588865}]}, "version": 68}
{"obj": {"type": "LogFloats", "path": ["monitoring", "gpu"], "values": [{"value": 2.0, "step": null, "ts": 1654869771.588865}]}, "version": 69}
{"obj": {"type": "LogFloats", "path": ["monitoring", "gpu_memory"], "values": [{"value": 1.6460342407226562, "step": null, "ts": 1654869771.588865}]}, "version": 70}
{"obj": {"type": "LogFloats", "path": ["monitoring", "cpu"], "values": [{"value": 0.5, "step": null, "ts": 1654869781.6066463}]}, "version": 71}
{"obj": {"type": "LogFloats", "path": ["monitoring", "memory"], "values": [{"value": 10.075614929199219, "step": null, "ts": 1654869781.6066463}]}, "version": 72}
{"obj": {"type": "LogFloats", "path": ["monitoring", "gpu_memory"], "values": [{"value": 1.6483535766601562, "step": null, "ts": 1654869781.6066463}]}, "version": 73}
{"obj": {"type": "LogFloats", "path": ["monitoring", "cpu"], "values": [{"value": 0.7, "step": null, "ts": 1654869791.6150646}]}, "version": 74}
{"obj": {"type": "LogFloats", "path": ["monitoring", "memory"], "values": [{"value": 10.068721771240234, "step": null, "ts": 1654869791.6150646}]}, "version": 75}
{"obj": {"type": "LogFloats", "path": ["monitoring", "gpu"], "values": [{"value": 2.0, "step": null, "ts": 1654869791.6150646}]}, "version": 76}
{"obj": {"type": "LogFloats", "path": ["monitoring", "gpu_memory"], "values": [{"value": 1.6499099731445312, "step": null, "ts": 1654869791.6150646}]}, "version": 77}
{"obj": {"type": "LogFloats", "path": ["monitoring", "cpu"], "values": [{"value": 0.5, "step": null, "ts": 1654869801.6324508}]}, "version": 78}
{"obj": {"type": "LogFloats", "path": ["monitoring", "memory"], "values": [{"value": 10.067512512207031, "step": null, "ts": 1654869801.6324508}]}, "version": 79}
{"obj": {"type": "LogFloats", "path": ["monitoring", "gpu"], "values": [{"value": 11.0, "step": null, "ts": 1654869801.6324508}]}, "version": 80}
{"obj": {"type": "LogFloats", "path": ["monitoring", "gpu_memory"], "values": [{"value": 1.6452713012695312, "step": null, "ts": 1654869801.6324508}]}, "version": 81}
{"obj": {"type": "LogFloats", "path": ["monitoring", "cpu"], "values": [{"value": 2.2, "step": null, "ts": 1654869811.652181}]}, "version": 82}
{"obj": {"type": "LogFloats", "path": ["monitoring", "memory"], "values": [{"value": 10.08493423461914, "step": null, "ts": 1654869811.652181}]}, "version": 83}
{"obj": {"type": "LogFloats", "path": ["monitoring", "gpu"], "values": [{"value": 4.0, "step": null, "ts": 1654869811.652181}]}, "version": 84}
{"obj": {"type": "LogFloats", "path": ["monitoring", "gpu_memory"], "values": [{"value": 1.6976242065429688, "step": null, "ts": 1654869811.652181}]}, "version": 85}
{"obj": {"type": "LogFloats", "path": ["monitoring", "cpu"], "values": [{"value": 1.7, "step": null, "ts": 1654869821.6623867}]}, "version": 86}
{"obj": {"type": "LogFloats", "path": ["monitoring", "memory"], "values": [{"value": 10.111465454101562, "step": null, "ts": 1654869821.6623867}]}, "version": 87}
{"obj": {"type": "LogFloats", "path": ["monitoring", "gpu"], "values": [{"value": 1.0, "step": null, "ts": 1654869821.6623867}]}, "version": 88}
{"obj": {"type": "LogFloats", "path": ["monitoring", "gpu_memory"], "values": [{"value": 1.6717681884765625, "step": null, "ts": 1654869821.6623867}]}, "version": 89}
{"obj": {"type": "LogFloats", "path": ["monitoring", "cpu"], "values": [{"value": 2.4, "step": null, "ts": 1654869831.6831334}]}, "version": 90}
{"obj": {"type": "LogFloats", "path": ["monitoring", "memory"], "values": [{"value": 10.255615234375, "step": null, "ts": 1654869831.6831334}]}, "version": 91}
{"obj": {"type": "LogFloats", "path": ["monitoring", "gpu"], "values": [{"value": 10.0, "step": null, "ts": 1654869831.6831334}]}, "version": 92}
{"obj": {"type": "LogFloats", "path": ["monitoring", "gpu_memory"], "values": [{"value": 1.8343429565429688, "step": null, "ts": 1654869831.6831334}]}, "version": 93}
{"obj": {"type": "LogFloats", "path": ["monitoring", "cpu"], "values": [{"value": 1.1, "step": null, "ts": 1654869841.7008111}]}, "version": 94}
{"obj": {"type": "LogFloats", "path": ["monitoring", "memory"], "values": [{"value": 10.16168212890625, "step": null, "ts": 1654869841.7008111}]}, "version": 95}
{"obj": {"type": "LogFloats", "path": ["monitoring", "gpu"], "values": [{"value": 2.0, "step": null, "ts": 1654869841.7008111}]}, "version": 96}
{"obj": {"type": "LogFloats", "path": ["monitoring", "gpu_memory"], "values": [{"value": 1.7783126831054688, "step": null, "ts": 1654869841.7008111}]}, "version": 97}
{"obj": {"type": "LogFloats", "path": ["monitoring", "cpu"], "values": [{"value": 0.6, "step": null, "ts": 1654869851.7132132}]}, "version": 98}
{"obj": {"type": "LogFloats", "path": ["monitoring", "memory"], "values": [{"value": 10.152854919433594, "step": null, "ts": 1654869851.7132132}]}, "version": 99}
{"obj": {"type": "LogFloats", "path": ["monitoring", "gpu"], "values": [{"value": 6.0, "step": null, "ts": 1654869851.7132132}]}, "version": 100}
{"obj": {"type": "LogFloats", "path": ["monitoring", "gpu_memory"], "values": [{"value": 1.7676925659179688, "step": null, "ts": 1654869851.7132132}]}, "version": 101}
{"obj": {"type": "LogFloats", "path": ["monitoring", "cpu"], "values": [{"value": 0.5, "step": null, "ts": 1654869861.7194822}]}, "version": 102}
{"obj": {"type": "LogFloats", "path": ["monitoring", "memory"], "values": [{"value": 10.144512176513672, "step": null, "ts": 1654869861.7194822}]}, "version": 103}
{"obj": {"type": "LogFloats", "path": ["monitoring", "gpu_memory"], "values": [{"value": 1.7673263549804688, "step": null, "ts": 1654869861.7194822}]}, "version": 104}
{"obj": {"type": "LogFloats", "path": ["monitoring", "cpu"], "values": [{"value": 0.5, "step": null, "ts": 1654869871.733929}]}, "version": 105}
{"obj": {"type": "LogFloats", "path": ["monitoring", "memory"], "values": [{"value": 10.127304077148438, "step": null, "ts": 1654869871.733929}]}, "version": 106}
{"obj": {"type": "LogFloats", "path": ["monitoring", "gpu"], "values": [{"value": 8.0, "step": null, "ts": 1654869871.733929}]}, "version": 107}
{"obj": {"type": "LogFloats", "path": ["monitoring", "gpu_memory"], "values": [{"value": 1.8173408508300781, "step": null, "ts": 1654869871.733929}]}, "version": 108}
{"obj": {"type": "LogFloats", "path": ["monitoring", "cpu"], "values": [{"value": 0.3, "step": null, "ts": 1654869881.7481904}]}, "version": 109}
{"obj": {"type": "LogFloats", "path": ["monitoring", "memory"], "values": [{"value": 10.128608703613281, "step": null, "ts": 1654869881.7481904}]}, "version": 110}
{"obj": {"type": "LogFloats", "path": ["monitoring", "gpu_memory"], "values": [{"value": 1.8277168273925781, "step": null, "ts": 1654869881.7481904}]}, "version": 111}
{"obj": {"type": "LogFloats", "path": ["monitoring", "cpu"], "values": [{"value": 0.4, "step": null, "ts": 1654869891.76206}]}, "version": 112}
{"obj": {"type": "LogFloats", "path": ["monitoring", "memory"], "values": [{"value": 10.126811981201172, "step": null, "ts": 1654869891.76206}]}, "version": 113}
{"obj": {"type": "LogFloats", "path": ["monitoring", "gpu"], "values": [{"value": 2.0, "step": null, "ts": 1654869891.76206}]}, "version": 114}
{"obj": {"type": "LogFloats", "path": ["monitoring", "gpu_memory"], "values": [{"value": 1.8191719055175781, "step": null, "ts": 1654869891.76206}]}, "version": 115}
{"obj": {"type": "LogFloats", "path": ["monitoring", "cpu"], "values": [{"value": 0.4, "step": null, "ts": 1654869901.7675955}]}, "version": 116}
{"obj": {"type": "LogFloats", "path": ["monitoring", "memory"], "values": [{"value": 10.130699157714844, "step": null, "ts": 1654869901.7675955}]}, "version": 117}
{"obj": {"type": "LogFloats", "path": ["monitoring", "gpu_memory"], "values": [{"value": 1.8174629211425781, "step": null, "ts": 1654869901.7675955}]}, "version": 118}
{"obj": {"type": "LogFloats", "path": ["monitoring", "cpu"], "values": [{"value": 0.4, "step": null, "ts": 1654869911.775829}]}, "version": 119}
{"obj": {"type": "LogFloats", "path": ["monitoring", "memory"], "values": [{"value": 10.11572265625, "step": null, "ts": 1654869911.775829}]}, "version": 120}
{"obj": {"type": "LogFloats", "path": ["monitoring", "gpu_memory"], "values": [{"value": 1.8171577453613281, "step": null, "ts": 1654869911.775829}]}, "version": 121}
{"obj": {"type": "LogFloats", "path": ["monitoring", "cpu"], "values": [{"value": 0.5, "step": null, "ts": 1654869921.7820296}]}, "version": 122}
{"obj": {"type": "LogFloats", "path": ["monitoring", "memory"], "values": [{"value": 10.133018493652344, "step": null, "ts": 1654869921.7820296}]}, "version": 123}
{"obj": {"type": "LogFloats", "path": ["monitoring", "gpu_memory"], "values": [{"value": 1.8122138977050781, "step": null, "ts": 1654869921.7820296}]}, "version": 124}
{"obj": {"type": "LogFloats", "path": ["monitoring", "cpu"], "values": [{"value": 0.8, "step": null, "ts": 1654869931.7928276}]}, "version": 125}
{"obj": {"type": "LogFloats", "path": ["monitoring", "memory"], "values": [{"value": 10.200927734375, "step": null, "ts": 1654869931.7928276}]}, "version": 126}
{"obj": {"type": "LogFloats", "path": ["monitoring", "gpu_memory"], "values": [{"value": 1.9665412902832031, "step": null, "ts": 1654869931.7928276}]}, "version": 127}
{"obj": {"type": "LogFloats", "path": ["monitoring", "cpu"], "values": [{"value": 0.4, "step": null, "ts": 1654869941.8043494}]}, "version": 128}
{"obj": {"type": "LogFloats", "path": ["monitoring", "memory"], "values": [{"value": 10.191642761230469, "step": null, "ts": 1654869941.8043494}]}, "version": 129}
{"obj": {"type": "LogFloats", "path": ["monitoring", "gpu_memory"], "values": [{"value": 1.9207344055175781, "step": null, "ts": 1654869941.8043494}]}, "version": 130}
{"obj": {"type": "LogFloats", "path": ["monitoring", "cpu"], "values": [{"value": 0.6, "step": null, "ts": 1654869951.825004}]}, "version": 131}
{"obj": {"type": "LogFloats", "path": ["monitoring", "memory"], "values": [{"value": 10.19150161743164, "step": null, "ts": 1654869951.825004}]}, "version": 132}
{"obj": {"type": "LogFloats", "path": ["monitoring", "gpu_memory"], "values": [{"value": 1.9132881164550781, "step": null, "ts": 1654869951.825004}]}, "version": 133}
{"obj": {"type": "LogFloats", "path": ["monitoring", "cpu"], "values": [{"value": 0.7, "step": null, "ts": 1654869961.8319573}]}, "version": 134}
{"obj": {"type": "LogFloats", "path": ["monitoring", "memory"], "values": [{"value": 10.202224731445312, "step": null, "ts": 1654869961.8319573}]}, "version": 135}
{"obj": {"type": "LogFloats", "path": ["monitoring", "gpu_memory"], "values": [{"value": 1.9214668273925781, "step": null, "ts": 1654869961.8319573}]}, "version": 136}
{"obj": {"type": "LogFloats", "path": ["monitoring", "cpu"], "values": [{"value": 0.5, "step": null, "ts": 1654869971.8441236}]}, "version": 137}
{"obj": {"type": "LogFloats", "path": ["monitoring", "memory"], "values": [{"value": 10.186664581298828, "step": null, "ts": 1654869971.8441236}]}, "version": 138}
{"obj": {"type": "LogFloats", "path": ["monitoring", "gpu"], "values": [{"value": 6.0, "step": null, "ts": 1654869971.8441236}]}, "version": 139}
{"obj": {"type": "LogFloats", "path": ["monitoring", "gpu_memory"], "values": [{"value": 2.054473876953125, "step": null, "ts": 1654869971.8441236}]}, "version": 140}
{"obj": {"type": "LogFloats", "path": ["monitoring", "cpu"], "values": [{"value": 2.2, "step": null, "ts": 1654869981.8598258}]}, "version": 141}
{"obj": {"type": "LogFloats", "path": ["monitoring", "memory"], "values": [{"value": 10.166007995605469, "step": null, "ts": 1654869981.8598258}]}, "version": 142}
{"obj": {"type": "LogFloats", "path": ["monitoring", "gpu"], "values": [{"value": 7.0, "step": null, "ts": 1654869981.8598258}]}, "version": 143}
{"obj": {"type": "LogFloats", "path": ["monitoring", "gpu_memory"], "values": [{"value": 1.7476119995117188, "step": null, "ts": 1654869981.8598258}]}, "version": 144}
{"obj": {"type": "LogFloats", "path": ["monitoring", "cpu"], "values": [{"value": 2.9, "step": null, "ts": 1654869991.8733244}]}, "version": 145}
{"obj": {"type": "LogFloats", "path": ["monitoring", "memory"], "values": [{"value": 10.173542022705078, "step": null, "ts": 1654869991.8733244}]}, "version": 146}
{"obj": {"type": "LogFloats", "path": ["monitoring", "gpu"], "values": [{"value": 1.0, "step": null, "ts": 1654869991.8733244}]}, "version": 147}
{"obj": {"type": "LogFloats", "path": ["monitoring", "gpu_memory"], "values": [{"value": 1.7639999389648438, "step": null, "ts": 1654869991.8733244}]}, "version": 148}
{"obj": {"type": "LogFloats", "path": ["monitoring", "cpu"], "values": [{"value": 1.8, "step": null, "ts": 1654870001.887727}]}, "version": 149}
{"obj": {"type": "LogFloats", "path": ["monitoring", "memory"], "values": [{"value": 10.156002044677734, "step": null, "ts": 1654870001.887727}]}, "version": 150}
{"obj": {"type": "LogFloats", "path": ["monitoring", "gpu"], "values": [{"value": 7.0, "step": null, "ts": 1654870001.887727}]}, "version": 151}
{"obj": {"type": "LogFloats", "path": ["monitoring", "gpu_memory"], "values": [{"value": 1.754180908203125, "step": null, "ts": 1654870001.887727}]}, "version": 152}
{"obj": {"type": "LogFloats", "path": ["monitoring", "cpu"], "values": [{"value": 2.1, "step": null, "ts": 1654870011.8985944}]}, "version": 153}
{"obj": {"type": "LogFloats", "path": ["monitoring", "memory"], "values": [{"value": 10.13095474243164, "step": null, "ts": 1654870011.8985944}]}, "version": 154}
{"obj": {"type": "LogFloats", "path": ["monitoring", "gpu_memory"], "values": [{"value": 1.7275924682617188, "step": null, "ts": 1654870011.8985944}]}, "version": 155}
{"obj": {"type": "LogFloats", "path": ["monitoring", "cpu"], "values": [{"value": 0.7, "step": null, "ts": 1654870021.9068246}]}, "version": 156}
{"obj": {"type": "LogFloats", "path": ["monitoring", "memory"], "values": [{"value": 10.124107360839844, "step": null, "ts": 1654870021.9068246}]}, "version": 157}
{"obj": {"type": "LogFloats", "path": ["monitoring", "gpu"], "values": [{"value": 2.0, "step": null, "ts": 1654870021.9068246}]}, "version": 158}
{"obj": {"type": "LogFloats", "path": ["monitoring", "gpu_memory"], "values": [{"value": 1.7228317260742188, "step": null, "ts": 1654870021.9068246}]}, "version": 159}
{"obj": {"type": "LogFloats", "path": ["monitoring", "cpu"], "values": [{"value": 1.1, "step": null, "ts": 1654870031.9252918}]}, "version": 160}
{"obj": {"type": "LogFloats", "path": ["monitoring", "memory"], "values": [{"value": 10.092632293701172, "step": null, "ts": 1654870031.9252918}]}, "version": 161}
{"obj": {"type": "LogFloats", "path": ["monitoring", "gpu_memory"], "values": [{"value": 1.7213058471679688, "step": null, "ts": 1654870031.9252918}]}, "version": 162}
{"obj": {"type": "LogFloats", "path": ["monitoring", "cpu"], "values": [{"value": 1.8, "step": null, "ts": 1654870041.9326034}]}, "version": 163}
{"obj": {"type": "LogFloats", "path": ["monitoring", "memory"], "values": [{"value": 10.126480102539062, "step": null, "ts": 1654870041.9326034}]}, "version": 164}
{"obj": {"type": "LogFloats", "path": ["monitoring", "gpu"], "values": [{"value": 12.0, "step": null, "ts": 1654870041.9326034}]}, "version": 165}
{"obj": {"type": "LogFloats", "path": ["monitoring", "gpu_memory"], "values": [{"value": 1.7920761108398438, "step": null, "ts": 1654870041.9326034}]}, "version": 166}
{"obj": {"type": "LogStrings", "path": ["monitoring", "stderr"], "values": [{"value": "\r  0%|          | 0/48 [00:00<?, ?it/s]", "step": null, "ts": 1654870044.4155025}]}, "version": 167}
{"obj": {"type": "LogFloats", "path": ["running", "loss"], "values": [{"value": 0.6987316608428955, "step": null, "ts": 1654870044.9150748}]}, "version": 168}
{"obj": {"type": "LogFloats", "path": ["running", "acc"], "values": [{"value": 0.5, "step": null, "ts": 1654870044.920387}]}, "version": 169}
{"obj": {"type": "LogStrings", "path": ["monitoring", "stderr"], "values": [{"value": "\r  2%|\u258f         | 1/48 [00:00<00:23,  1.98it/s]", "step": null, "ts": 1654870044.920387}]}, "version": 170}
{"obj": {"type": "LogFloats", "path": ["running", "loss"], "values": [{"value": 3.125283718109131, "step": null, "ts": 1654870045.1371076}]}, "version": 171}
{"obj": {"type": "LogFloats", "path": ["running", "acc"], "values": [{"value": 0.5, "step": null, "ts": 1654870045.1381197}]}, "version": 172}
{"obj": {"type": "LogStrings", "path": ["monitoring", "stderr"], "values": [{"value": "\r  4%|\u258d         | 2/48 [00:00<00:15,  2.98it/s]", "step": null, "ts": 1654870045.1386247}]}, "version": 173}
{"obj": {"type": "LogFloats", "path": ["running", "loss"], "values": [{"value": 0.8543741703033447, "step": null, "ts": 1654870045.3591843}]}, "version": 174}
{"obj": {"type": "LogFloats", "path": ["running", "acc"], "values": [{"value": 0.5, "step": null, "ts": 1654870045.3601983}]}, "version": 175}
{"obj": {"type": "LogStrings", "path": ["monitoring", "stderr"], "values": [{"value": "\r  6%|\u258b         | 3/48 [00:00<00:12,  3.52it/s]", "step": null, "ts": 1654870045.360703}]}, "version": 176}
{"obj": {"type": "LogFloats", "path": ["running", "loss"], "values": [{"value": 0.7058309316635132, "step": null, "ts": 1654870045.5679188}]}, "version": 177}
{"obj": {"type": "LogFloats", "path": ["running", "acc"], "values": [{"value": 0.5, "step": null, "ts": 1654870045.569921}]}, "version": 178}
{"obj": {"type": "LogStrings", "path": ["monitoring", "stderr"], "values": [{"value": "\r  8%|\u258a         | 4/48 [00:01<00:11,  3.93it/s]", "step": null, "ts": 1654870045.569921}]}, "version": 179}
{"obj": {"type": "LogFloats", "path": ["running", "loss"], "values": [{"value": 0.821514904499054, "step": null, "ts": 1654870045.779983}]}, "version": 180}
{"obj": {"type": "LogFloats", "path": ["running", "acc"], "values": [{"value": 0.5, "step": null, "ts": 1654870045.7815168}]}, "version": 181}
{"obj": {"type": "LogStrings", "path": ["monitoring", "stderr"], "values": [{"value": "\r 10%|\u2588         | 5/48 [00:01<00:10,  4.18it/s]", "step": null, "ts": 1654870045.7820296}]}, "version": 182}
{"obj": {"type": "LogFloats", "path": ["running", "loss"], "values": [{"value": 0.8357176184654236, "step": null, "ts": 1654870046.0067594}]}, "version": 183}
{"obj": {"type": "LogFloats", "path": ["running", "acc"], "values": [{"value": 0.5, "step": null, "ts": 1654870046.0077598}]}, "version": 184}
{"obj": {"type": "LogStrings", "path": ["monitoring", "stderr"], "values": [{"value": "\r 12%|\u2588\u258e        | 6/48 [00:01<00:09,  4.26it/s]", "step": null, "ts": 1654870046.0077598}]}, "version": 185}
{"obj": {"type": "LogFloats", "path": ["running", "loss"], "values": [{"value": 0.695503294467926, "step": null, "ts": 1654870046.2578661}]}, "version": 186}
{"obj": {"type": "LogFloats", "path": ["running", "acc"], "values": [{"value": 0.5, "step": null, "ts": 1654870046.2588785}]}, "version": 187}
{"obj": {"type": "LogStrings", "path": ["monitoring", "stderr"], "values": [{"value": "\r 15%|\u2588\u258d        | 7/48 [00:01<00:09,  4.17it/s]", "step": null, "ts": 1654870046.2593863}]}, "version": 188}
{"obj": {"type": "LogFloats", "path": ["running", "loss"], "values": [{"value": 0.7735570669174194, "step": null, "ts": 1654870046.492722}]}, "version": 189}
{"obj": {"type": "LogFloats", "path": ["running", "acc"], "values": [{"value": 0.5, "step": null, "ts": 1654870046.4937243}]}, "version": 190}
{"obj": {"type": "LogStrings", "path": ["monitoring", "stderr"], "values": [{"value": "\r 17%|\u2588\u258b        | 8/48 [00:02<00:09,  4.20it/s]", "step": null, "ts": 1654870046.4937243}]}, "version": 191}
{"obj": {"type": "LogFloats", "path": ["running", "loss"], "values": [{"value": 0.7537100911140442, "step": null, "ts": 1654870046.724629}]}, "version": 192}
{"obj": {"type": "LogFloats", "path": ["running", "acc"], "values": [{"value": 0.5, "step": null, "ts": 1654870046.7256303}]}, "version": 193}
{"obj": {"type": "LogStrings", "path": ["monitoring", "stderr"], "values": [{"value": "\r 19%|\u2588\u2589        | 9/48 [00:02<00:09,  4.23it/s]", "step": null, "ts": 1654870046.7256303}]}, "version": 194}
{"obj": {"type": "LogFloats", "path": ["running", "loss"], "values": [{"value": 0.6997061371803284, "step": null, "ts": 1654870046.9507172}]}, "version": 195}
{"obj": {"type": "LogFloats", "path": ["running", "acc"], "values": [{"value": 0.5, "step": null, "ts": 1654870046.951727}]}, "version": 196}
{"obj": {"type": "LogStrings", "path": ["monitoring", "stderr"], "values": [{"value": "\r 21%|\u2588\u2588        | 10/48 [00:02<00:08,  4.29it/s]", "step": null, "ts": 1654870046.9522338}]}, "version": 197}
{"obj": {"type": "LogFloats", "path": ["running", "loss"], "values": [{"value": 1.145472526550293, "step": null, "ts": 1654870047.1798923}]}, "version": 198}
{"obj": {"type": "LogFloats", "path": ["running", "acc"], "values": [{"value": 0.5, "step": null, "ts": 1654870047.180902}]}, "version": 199}
{"obj": {"type": "LogStrings", "path": ["monitoring", "stderr"], "values": [{"value": "\r 23%|\u2588\u2588\u258e       | 11/48 [00:02<00:08,  4.31it/s]", "step": null, "ts": 1654870047.1814067}]}, "version": 200}
{"obj": {"type": "LogFloats", "path": ["running", "loss"], "values": [{"value": 0.5204368829727173, "step": null, "ts": 1654870047.407871}]}, "version": 201}
{"obj": {"type": "LogFloats", "path": ["running", "acc"], "values": [{"value": 0.75, "step": null, "ts": 1654870047.40887}]}, "version": 202}
{"obj": {"type": "LogStrings", "path": ["monitoring", "stderr"], "values": [{"value": "\r 25%|\u2588\u2588\u258c       | 12/48 [00:02<00:08,  4.33it/s]", "step": null, "ts": 1654870047.40887}]}, "version": 203}
{"obj": {"type": "LogFloats", "path": ["running", "loss"], "values": [{"value": 0.8681688904762268, "step": null, "ts": 1654870047.6258154}]}, "version": 204}
{"obj": {"type": "LogFloats", "path": ["running", "acc"], "values": [{"value": 0.5, "step": null, "ts": 1654870047.6268308}]}, "version": 205}
{"obj": {"type": "LogStrings", "path": ["monitoring", "stderr"], "values": [{"value": "\r 27%|\u2588\u2588\u258b       | 13/48 [00:03<00:07,  4.40it/s]", "step": null, "ts": 1654870047.6273365}]}, "version": 206}
{"obj": {"type": "LogFloats", "path": ["running", "loss"], "values": [{"value": 0.8447470664978027, "step": null, "ts": 1654870047.8511176}]}, "version": 207}
{"obj": {"type": "LogFloats", "path": ["running", "acc"], "values": [{"value": 0.5, "step": null, "ts": 1654870047.852133}]}, "version": 208}
{"obj": {"type": "LogStrings", "path": ["monitoring", "stderr"], "values": [{"value": "\r 29%|\u2588\u2588\u2589       | 14/48 [00:03<00:07,  4.42it/s]", "step": null, "ts": 1654870047.8526616}]}, "version": 209}
{"obj": {"type": "LogFloats", "path": ["running", "loss"], "values": [{"value": 0.7459529638290405, "step": null, "ts": 1654870048.081264}]}, "version": 210}
{"obj": {"type": "LogFloats", "path": ["running", "acc"], "values": [{"value": 0.5, "step": null, "ts": 1654870048.0822756}]}, "version": 211}
{"obj": {"type": "LogStrings", "path": ["monitoring", "stderr"], "values": [{"value": "\r 31%|\u2588\u2588\u2588\u258f      | 15/48 [00:03<00:07,  4.39it/s]", "step": null, "ts": 1654870048.0827816}]}, "version": 212}
{"obj": {"type": "LogFloats", "path": ["running", "loss"], "values": [{"value": 0.6902772188186646, "step": null, "ts": 1654870048.3176777}]}, "version": 213}
{"obj": {"type": "LogFloats", "path": ["running", "acc"], "values": [{"value": 0.5, "step": null, "ts": 1654870048.3186886}]}, "version": 214}
{"obj": {"type": "LogStrings", "path": ["monitoring", "stderr"], "values": [{"value": "\r 33%|\u2588\u2588\u2588\u258e      | 16/48 [00:03<00:07,  4.34it/s]", "step": null, "ts": 1654870048.3191931}]}, "version": 215}
{"obj": {"type": "LogFloats", "path": ["running", "loss"], "values": [{"value": 0.732771635055542, "step": null, "ts": 1654870048.5532088}]}, "version": 216}
{"obj": {"type": "LogFloats", "path": ["running", "acc"], "values": [{"value": 0.5, "step": null, "ts": 1654870048.553716}]}, "version": 217}
{"obj": {"type": "LogStrings", "path": ["monitoring", "stderr"], "values": [{"value": "\r 35%|\u2588\u2588\u2588\u258c      | 17/48 [00:04<00:07,  4.32it/s]", "step": null, "ts": 1654870048.5542204}]}, "version": 218}
{"obj": {"type": "LogFloats", "path": ["running", "loss"], "values": [{"value": 0.7853153944015503, "step": null, "ts": 1654870048.7962396}]}, "version": 219}
{"obj": {"type": "LogFloats", "path": ["running", "acc"], "values": [{"value": 0.5, "step": null, "ts": 1654870048.7972403}]}, "version": 220}
{"obj": {"type": "LogStrings", "path": ["monitoring", "stderr"], "values": [{"value": "\r 38%|\u2588\u2588\u2588\u258a      | 18/48 [00:04<00:07,  4.25it/s]", "step": null, "ts": 1654870048.7982364}]}, "version": 221}
{"obj": {"type": "LogFloats", "path": ["running", "loss"], "values": [{"value": 0.7830381393432617, "step": null, "ts": 1654870049.016418}]}, "version": 222}
{"obj": {"type": "LogFloats", "path": ["running", "acc"], "values": [{"value": 0.5, "step": null, "ts": 1654870049.0184267}]}, "version": 223}
{"obj": {"type": "LogStrings", "path": ["monitoring", "stderr"], "values": [{"value": "\r 40%|\u2588\u2588\u2588\u2589      | 19/48 [00:04<00:06,  4.33it/s]", "step": null, "ts": 1654870049.0184267}]}, "version": 224}
{"obj": {"type": "LogFloats", "path": ["running", "loss"], "values": [{"value": 0.6613521575927734, "step": null, "ts": 1654870049.2511346}]}, "version": 225}
{"obj": {"type": "LogFloats", "path": ["running", "acc"], "values": [{"value": 0.5, "step": null, "ts": 1654870049.2521448}]}, "version": 226}
{"obj": {"type": "LogStrings", "path": ["monitoring", "stderr"], "values": [{"value": "\r 42%|\u2588\u2588\u2588\u2588\u258f     | 20/48 [00:04<00:06,  4.31it/s]", "step": null, "ts": 1654870049.252651}]}, "version": 227}
{"obj": {"type": "LogFloats", "path": ["running", "loss"], "values": [{"value": 0.6987770795822144, "step": null, "ts": 1654870049.4899151}]}, "version": 228}
{"obj": {"type": "LogFloats", "path": ["running", "acc"], "values": [{"value": 0.5, "step": null, "ts": 1654870049.4909341}]}, "version": 229}
{"obj": {"type": "LogStrings", "path": ["monitoring", "stderr"], "values": [{"value": "\r 44%|\u2588\u2588\u2588\u2588\u258d     | 21/48 [00:05<00:06,  4.27it/s]", "step": null, "ts": 1654870049.4914432}]}, "version": 230}
{"obj": {"type": "LogFloats", "path": ["running", "loss"], "values": [{"value": 0.6990736126899719, "step": null, "ts": 1654870049.7491264}]}, "version": 231}
{"obj": {"type": "LogFloats", "path": ["running", "acc"], "values": [{"value": 0.5, "step": null, "ts": 1654870049.750643}]}, "version": 232}
{"obj": {"type": "LogStrings", "path": ["monitoring", "stderr"], "values": [{"value": "\r 46%|\u2588\u2588\u2588\u2588\u258c     | 22/48 [00:05<00:06,  4.14it/s]", "step": null, "ts": 1654870049.7511506}]}, "version": 233}
{"obj": {"type": "LogFloats", "path": ["running", "loss"], "values": [{"value": 0.8961379528045654, "step": null, "ts": 1654870050.0142465}]}, "version": 234}
{"obj": {"type": "LogFloats", "path": ["running", "acc"], "values": [{"value": 0.5, "step": null, "ts": 1654870050.0152493}]}, "version": 235}
{"obj": {"type": "LogStrings", "path": ["monitoring", "stderr"], "values": [{"value": "\r 48%|\u2588\u2588\u2588\u2588\u258a     | 23/48 [00:05<00:06,  4.03it/s]", "step": null, "ts": 1654870050.0162513}]}, "version": 236}
{"obj": {"type": "LogFloats", "path": ["running", "loss"], "values": [{"value": 0.7446265816688538, "step": null, "ts": 1654870050.2659938}]}, "version": 237}
{"obj": {"type": "LogFloats", "path": ["running", "acc"], "values": [{"value": 0.5, "step": null, "ts": 1654870050.2675226}]}, "version": 238}
{"obj": {"type": "LogStrings", "path": ["monitoring", "stderr"], "values": [{"value": "\r 50%|\u2588\u2588\u2588\u2588\u2588     | 24/48 [00:05<00:05,  4.01it/s]", "step": null, "ts": 1654870050.2680354}]}, "version": 239}
{"obj": {"type": "LogFloats", "path": ["running", "loss"], "values": [{"value": 0.7340846061706543, "step": null, "ts": 1654870050.5293245}]}, "version": 240}
{"obj": {"type": "LogFloats", "path": ["running", "acc"], "values": [{"value": 0.5, "step": null, "ts": 1654870050.5304065}]}, "version": 241}
{"obj": {"type": "LogStrings", "path": ["monitoring", "stderr"], "values": [{"value": "\r 52%|\u2588\u2588\u2588\u2588\u2588\u258f    | 25/48 [00:06<00:05,  3.94it/s]", "step": null, "ts": 1654870050.5309424}]}, "version": 242}
{"obj": {"type": "LogFloats", "path": ["running", "loss"], "values": [{"value": 0.7108607292175293, "step": null, "ts": 1654870050.78141}]}, "version": 243}
{"obj": {"type": "LogFloats", "path": ["running", "acc"], "values": [{"value": 0.5, "step": null, "ts": 1654870050.782416}]}, "version": 244}
{"obj": {"type": "LogStrings", "path": ["monitoring", "stderr"], "values": [{"value": "\r 54%|\u2588\u2588\u2588\u2588\u2588\u258d    | 26/48 [00:06<00:05,  3.95it/s]", "step": null, "ts": 1654870050.7834117}]}, "version": 245}
{"obj": {"type": "LogFloats", "path": ["running", "loss"], "values": [{"value": 0.6921758055686951, "step": null, "ts": 1654870051.0191896}]}, "version": 246}
{"obj": {"type": "LogFloats", "path": ["running", "acc"], "values": [{"value": 0.5, "step": null, "ts": 1654870051.0202005}]}, "version": 247}
{"obj": {"type": "LogStrings", "path": ["monitoring", "stderr"], "values": [{"value": "\r 56%|\u2588\u2588\u2588\u2588\u2588\u258b    | 27/48 [00:06<00:05,  4.02it/s]", "step": null, "ts": 1654870051.0207052}]}, "version": 248}
{"obj": {"type": "LogFloats", "path": ["running", "loss"], "values": [{"value": 0.6981633901596069, "step": null, "ts": 1654870051.2626421}]}, "version": 249}
{"obj": {"type": "LogFloats", "path": ["running", "acc"], "values": [{"value": 0.5, "step": null, "ts": 1654870051.2636583}]}, "version": 250}
{"obj": {"type": "LogStrings", "path": ["monitoring", "stderr"], "values": [{"value": "\r 58%|\u2588\u2588\u2588\u2588\u2588\u258a    | 28/48 [00:06<00:04,  4.05it/s]", "step": null, "ts": 1654870051.2641656}]}, "version": 251}
{"obj": {"type": "LogFloats", "path": ["running", "loss"], "values": [{"value": 0.7161306738853455, "step": null, "ts": 1654870051.5153131}]}, "version": 252}
{"obj": {"type": "LogFloats", "path": ["running", "acc"], "values": [{"value": 0.5, "step": null, "ts": 1654870051.5178428}]}, "version": 253}
{"obj": {"type": "LogStrings", "path": ["monitoring", "stderr"], "values": [{"value": "\r 60%|\u2588\u2588\u2588\u2588\u2588\u2588    | 29/48 [00:07<00:04,  4.01it/s]", "step": null, "ts": 1654870051.5183532}]}, "version": 254}
{"obj": {"type": "LogFloats", "path": ["running", "loss"], "values": [{"value": 0.7176650166511536, "step": null, "ts": 1654870051.7504258}]}, "version": 255}
{"obj": {"type": "LogFloats", "path": ["running", "acc"], "values": [{"value": 0.5, "step": null, "ts": 1654870051.7514386}]}, "version": 256}
{"obj": {"type": "LogStrings", "path": ["monitoring", "stderr"], "values": [{"value": "\r 62%|\u2588\u2588\u2588\u2588\u2588\u2588\u258e   | 30/48 [00:07<00:04,  4.09it/s]", "step": null, "ts": 1654870051.751943}]}, "version": 257}
{"obj": {"type": "LogFloats", "path": ["monitoring", "cpu"], "values": [{"value": 14.4, "step": null, "ts": 1654870051.9479587}]}, "version": 258}
{"obj": {"type": "LogFloats", "path": ["monitoring", "memory"], "values": [{"value": 10.178211212158203, "step": null, "ts": 1654870051.9479587}]}, "version": 259}
{"obj": {"type": "LogFloats", "path": ["monitoring", "gpu"], "values": [{"value": 44.0, "step": null, "ts": 1654870051.9479587}]}, "version": 260}
{"obj": {"type": "LogFloats", "path": ["monitoring", "gpu_memory"], "values": [{"value": 2.2532577514648438, "step": null, "ts": 1654870051.9479587}]}, "version": 261}
{"obj": {"type": "LogFloats", "path": ["running", "loss"], "values": [{"value": 0.7096443176269531, "step": null, "ts": 1654870051.9933147}]}, "version": 262}
{"obj": {"type": "LogFloats", "path": ["running", "acc"], "values": [{"value": 0.5, "step": null, "ts": 1654870051.9943383}]}, "version": 263}
{"obj": {"type": "LogStrings", "path": ["monitoring", "stderr"], "values": [{"value": "\r 65%|\u2588\u2588\u2588\u2588\u2588\u2588\u258d   | 31/48 [00:07<00:04,  4.10it/s]", "step": null, "ts": 1654870051.9948485}]}, "version": 264}
{"obj": {"type": "LogFloats", "path": ["running", "loss"], "values": [{"value": 0.6249033212661743, "step": null, "ts": 1654870052.255654}]}, "version": 265}
{"obj": {"type": "LogFloats", "path": ["running", "acc"], "values": [{"value": 0.75, "step": null, "ts": 1654870052.256681}]}, "version": 266}
{"obj": {"type": "LogStrings", "path": ["monitoring", "stderr"], "values": [{"value": "\r 67%|\u2588\u2588\u2588\u2588\u2588\u2588\u258b   | 32/48 [00:07<00:03,  4.01it/s]", "step": null, "ts": 1654870052.2577083}]}, "version": 267}
{"obj": {"type": "LogFloats", "path": ["running", "loss"], "values": [{"value": 0.6023004055023193, "step": null, "ts": 1654870052.5246253}]}, "version": 268}
{"obj": {"type": "LogFloats", "path": ["running", "acc"], "values": [{"value": 0.5, "step": null, "ts": 1654870052.5256412}]}, "version": 269}
{"obj": {"type": "LogStrings", "path": ["monitoring", "stderr"], "values": [{"value": "\r 69%|\u2588\u2588\u2588\u2588\u2588\u2588\u2589   | 33/48 [00:08<00:03,  3.91it/s]", "step": null, "ts": 1654870052.526678}]}, "version": 270}
{"obj": {"type": "LogFloats", "path": ["running", "loss"], "values": [{"value": 0.6937163472175598, "step": null, "ts": 1654870052.75156}]}, "version": 271}
{"obj": {"type": "LogFloats", "path": ["running", "acc"], "values": [{"value": 0.5, "step": null, "ts": 1654870052.75257}]}, "version": 272}
{"obj": {"type": "LogStrings", "path": ["monitoring", "stderr"], "values": [{"value": "\r 71%|\u2588\u2588\u2588\u2588\u2588\u2588\u2588   | 34/48 [00:08<00:03,  4.05it/s]", "step": null, "ts": 1654870052.7530742}]}, "version": 273}
{"obj": {"type": "LogStrings", "path": ["monitoring", "stderr"], "values": [{"value": "", "step": null, "ts": 1654870052.9149435}]}, "version": 274}
{"obj": {"type": "LogStrings", "path": ["monitoring", "stderr"], "values": [{"value": "\r 71%|\u2588\u2588\u2588\u2588\u2588\u2588\u2588   | 34/48 [00:08<00:03,  4.00it/s]", "step": null, "ts": 1654870052.9149435}]}, "version": 275}
{"obj": {"type": "LogStrings", "path": ["monitoring", "stderr"], "values": [{"value": "\n", "step": null, "ts": 1654870052.916943}]}, "version": 276}
{"obj": {"type": "LogFloats", "path": ["monitoring", "cpu"], "values": [{"value": 3.9, "step": null, "ts": 1654870061.968278}]}, "version": 277}
{"obj": {"type": "LogFloats", "path": ["monitoring", "memory"], "values": [{"value": 10.182106018066406, "step": null, "ts": 1654870061.968278}]}, "version": 278}
{"obj": {"type": "LogFloats", "path": ["monitoring", "gpu"], "values": [{"value": 6.0, "step": null, "ts": 1654870061.968278}]}, "version": 279}
{"obj": {"type": "LogFloats", "path": ["monitoring", "gpu_memory"], "values": [{"value": 2.2698287963867188, "step": null, "ts": 1654870061.968278}]}, "version": 280}
{"obj": {"type": "LogFloats", "path": ["monitoring", "cpu"], "values": [{"value": 1.7, "step": null, "ts": 1654870071.9888935}]}, "version": 281}
{"obj": {"type": "LogFloats", "path": ["monitoring", "memory"], "values": [{"value": 10.161396026611328, "step": null, "ts": 1654870071.9888935}]}, "version": 282}
{"obj": {"type": "LogFloats", "path": ["monitoring", "gpu"], "values": [{"value": 4.0, "step": null, "ts": 1654870071.9888935}]}, "version": 283}
{"obj": {"type": "LogFloats", "path": ["monitoring", "gpu_memory"], "values": [{"value": 2.2796630859375, "step": null, "ts": 1654870071.9888935}]}, "version": 284}
{"obj": {"type": "LogFloats", "path": ["monitoring", "cpu"], "values": [{"value": 4.0, "step": null, "ts": 1654870082.0024476}]}, "version": 285}
{"obj": {"type": "LogFloats", "path": ["monitoring", "memory"], "values": [{"value": 10.179878234863281, "step": null, "ts": 1654870082.0024476}]}, "version": 286}
{"obj": {"type": "LogFloats", "path": ["monitoring", "gpu_memory"], "values": [{"value": 2.2486495971679688, "step": null, "ts": 1654870082.0024476}]}, "version": 287}
{"obj": {"type": "LogFloats", "path": ["monitoring", "cpu"], "values": [{"value": 2.4, "step": null, "ts": 1654870092.0170858}]}, "version": 288}
{"obj": {"type": "LogFloats", "path": ["monitoring", "memory"], "values": [{"value": 10.170398712158203, "step": null, "ts": 1654870092.0170858}]}, "version": 289}
{"obj": {"type": "LogFloats", "path": ["monitoring", "gpu"], "values": [{"value": 20.0, "step": null, "ts": 1654870092.0170858}]}, "version": 290}
{"obj": {"type": "LogFloats", "path": ["monitoring", "gpu_memory"], "values": [{"value": 2.25018310546875, "step": null, "ts": 1654870092.0170858}]}, "version": 291}
{"obj": {"type": "LogFloats", "path": ["monitoring", "cpu"], "values": [{"value": 1.9, "step": null, "ts": 1654870102.0346656}]}, "version": 292}
{"obj": {"type": "LogFloats", "path": ["monitoring", "memory"], "values": [{"value": 10.170181274414062, "step": null, "ts": 1654870102.0346656}]}, "version": 293}
{"obj": {"type": "LogFloats", "path": ["monitoring", "gpu_memory"], "values": [{"value": 2.274993896484375, "step": null, "ts": 1654870102.0346656}]}, "version": 294}
{"obj": {"type": "LogStrings", "path": ["monitoring", "stderr"], "values": [{"value": "\r  0%|          | 0/2 [00:00<?, ?it/s]", "step": null, "ts": 1654870102.4539502}]}, "version": 295}
{"obj": {"type": "LogStrings", "path": ["monitoring", "stderr"], "values": [{"value": "", "step": null, "ts": 1654870105.6714654}]}, "version": 296}
{"obj": {"type": "LogStrings", "path": ["monitoring", "stderr"], "values": [{"value": "\r  0%|          | 0/2 [00:03<?, ?it/s]", "step": null, "ts": 1654870105.6714654}]}, "version": 297}
{"obj": {"type": "LogStrings", "path": ["monitoring", "stderr"], "values": [{"value": "\n", "step": null, "ts": 1654870105.6734672}]}, "version": 298}
{"obj": {"type": "LogFloats", "path": ["monitoring", "cpu"], "values": [{"value": 5.1, "step": null, "ts": 1654870112.0515287}]}, "version": 299}
{"obj": {"type": "LogFloats", "path": ["monitoring", "memory"], "values": [{"value": 11.133750915527344, "step": null, "ts": 1654870112.0515287}]}, "version": 300}
{"obj": {"type": "LogFloats", "path": ["monitoring", "gpu"], "values": [{"value": 2.0, "step": null, "ts": 1654870112.0515287}]}, "version": 301}
{"obj": {"type": "LogFloats", "path": ["monitoring", "gpu_memory"], "values": [{"value": 7.943019866943359, "step": null, "ts": 1654870112.0515287}]}, "version": 302}
{"obj": {"type": "LogFloats", "path": ["monitoring", "cpu"], "values": [{"value": 1.6, "step": null, "ts": 1654870122.064189}]}, "version": 303}
{"obj": {"type": "LogFloats", "path": ["monitoring", "memory"], "values": [{"value": 11.041328430175781, "step": null, "ts": 1654870122.064189}]}, "version": 304}
{"obj": {"type": "LogFloats", "path": ["monitoring", "gpu"], "values": [{"value": 1.0, "step": null, "ts": 1654870122.064189}]}, "version": 305}
{"obj": {"type": "LogFloats", "path": ["monitoring", "gpu_memory"], "values": [{"value": 7.908962249755859, "step": null, "ts": 1654870122.064189}]}, "version": 306}
{"obj": {"type": "LogFloats", "path": ["monitoring", "cpu"], "values": [{"value": 1.5, "step": null, "ts": 1654870132.0690823}]}, "version": 307}
{"obj": {"type": "LogFloats", "path": ["monitoring", "memory"], "values": [{"value": 11.048042297363281, "step": null, "ts": 1654870132.0690823}]}, "version": 308}
{"obj": {"type": "LogFloats", "path": ["monitoring", "gpu_memory"], "values": [{"value": 7.936298370361328, "step": null, "ts": 1654870132.0690823}]}, "version": 309}
